#
# There is insufficient memory for the Java Runtime Environment to continue.
# Native memory allocation (malloc) failed to allocate 1076656 bytes for Chunk::new
# Possible reasons:
#   The system is out of physical RAM or swap space
#   The process is running with CompressedOops enabled, and the Java Heap may be blocking the growth of the native heap
# Possible solutions:
#   Reduce memory load on the system
#   Increase physical memory or swap space
#   Check if swap backing store is full
#   Decrease Java heap size (-Xmx/-Xms)
#   Decrease number of Java threads
#   Decrease Java thread stack sizes (-Xss)
#   Set larger code cache with -XX:ReservedCodeCacheSize=
#   JVM is running with Unscaled Compressed Oops mode in which the Java heap is
#     placed in the first 4GB address space. The Java Heap base address is the
#     maximum limit for the native heap growth. Please use -XX:HeapBaseMinAddress
#     to set the Java Heap base and to place the Java Heap above 4GB virtual address.
# This output file may be truncated or incomplete.
#
#  Out of Memory Error (./src/hotspot/share/memory/arena.cpp:197), pid=53244, tid=51668
#
# JRE version: OpenJDK Runtime Environment (11.0.12+7) (build 11.0.12+7-b1504.28-7817840)
# Java VM: OpenJDK 64-Bit Server VM (11.0.12+7-b1504.28-7817840, mixed mode, tiered, compressed oops, g1 gc, windows-amd64)
# No core dump will be written. Minidumps are not enabled by default on client versions of Windows
#

---------------  S U M M A R Y ------------

Command Line: --add-opens=java.base/java.util=ALL-UNNAMED --add-opens=java.base/java.lang=ALL-UNNAMED --add-opens=java.base/java.lang.invoke=ALL-UNNAMED --add-opens=java.base/java.util=ALL-UNNAMED --add-opens=java.prefs/java.util.prefs=ALL-UNNAMED --add-opens=java.prefs/java.util.prefs=ALL-UNNAMED --add-opens=java.base/java.nio.charset=ALL-UNNAMED --add-opens=java.base/java.net=ALL-UNNAMED --add-opens=java.base/java.util.concurrent.atomic=ALL-UNNAMED -Xmx2048m -Dfile.encoding=UTF-8 -Duser.country=US -Duser.language=en -Duser.variant org.gradle.launcher.daemon.bootstrap.GradleDaemon 7.3.3

Host: Intel(R) Core(TM) i7-8565U CPU @ 1.80GHz, 8 cores, 15G,  Windows 10 , 64 bit Build 18362 (10.0.18362.1110)
Time: Tue Jul  5 18:52:27 2022 Turkey Standard Time elapsed time: 7.289776 seconds (0d 0h 0m 7s)

---------------  T H R E A D  ---------------

Current thread (0x0000019bdbbd6800):  JavaThread "C2 CompilerThread0" daemon [_thread_in_native, id=51668, stack(0x0000009812900000,0x0000009812a00000)]


Current CompileTask:
C2:   7289 5536       4       java.util.regex.Pattern::compile (498 bytes)

Stack: [0x0000009812900000,0x0000009812a00000]
Native frames: (J=compiled Java code, j=interpreted, Vv=VM code, C=native code)
V  [jvm.dll+0x5fbcea]
V  [jvm.dll+0x731905]
V  [jvm.dll+0x732f1d]
V  [jvm.dll+0x7335d3]
V  [jvm.dll+0x247bf8]
V  [jvm.dll+0xc018c]
V  [jvm.dll+0xc06cc]
V  [jvm.dll+0x35b2db]
V  [jvm.dll+0x328803]
V  [jvm.dll+0x327cfa]
V  [jvm.dll+0x200602]
V  [jvm.dll+0x1ff794]
V  [jvm.dll+0x18868c]
V  [jvm.dll+0x20e0d7]
V  [jvm.dll+0x20c901]
V  [jvm.dll+0x6f9b7f]
V  [jvm.dll+0x6f26a5]
V  [jvm.dll+0x5fabf6]
C  [ucrtbase.dll+0x210b2]
C  [KERNEL32.DLL+0x17c24]
C  [ntdll.dll+0x6cea1]


---------------  P R O C E S S  ---------------

Threads class SMR info:
_java_thread_list=0x0000019bdd257ed0, length=122, elements={
0x0000019bbee6c000, 0x0000019bdb2e2800, 0x0000019bdb2e6000, 0x0000019bdbbcc800,
0x0000019bdbbcd800, 0x0000019bdbbd2000, 0x0000019bdbbd6800, 0x0000019bdbbda800,
0x0000019bdbbe7800, 0x0000019bdbd32000, 0x0000019bdea1b000, 0x0000019bdea17000,
0x0000019bdea15800, 0x0000019bdea18800, 0x0000019bdea16000, 0x0000019bdea18000,
0x0000019bdea1c000, 0x0000019bdea1a800, 0x0000019bdea19800, 0x0000019bde12d000,
0x0000019bde131000, 0x0000019bde132000, 0x0000019bde12d800, 0x0000019bdd31e800,
0x0000019bde130000, 0x0000019bde132800, 0x0000019bde133800, 0x0000019bde134000,
0x0000019bde135000, 0x0000019bde12f800, 0x0000019bde136000, 0x0000019bde139000,
0x0000019bde13a000, 0x0000019bde13a800, 0x0000019be0e63800, 0x0000019be0e64800,
0x0000019be0e66000, 0x0000019be0e67000, 0x0000019be0e65000, 0x0000019be0e67800,
0x0000019be0e68800, 0x0000019be0e62800, 0x0000019be0e6d800, 0x0000019be0e6e000,
0x0000019be0e6f000, 0x0000019be0e69800, 0x0000019be0e6b000, 0x0000019be0e70000,
0x0000019be0e6b800, 0x0000019be0e6a000, 0x0000019be0e70800, 0x0000019be0e71800,
0x0000019be0e6c800, 0x0000019be261f000, 0x0000019be2620000, 0x0000019be2622800,
0x0000019be2624000, 0x0000019be2623000, 0x0000019be261e000, 0x0000019be2624800,
0x0000019be2625800, 0x0000019be2626800, 0x0000019be2620800, 0x0000019be2627000,
0x0000019be2621800, 0x0000019be262d000, 0x0000019be262c000, 0x0000019be2628000,
0x0000019be2629000, 0x0000019be2629800, 0x0000019be262a800, 0x0000019be262b800,
0x0000019be2cb0800, 0x0000019be2caf000, 0x0000019be2cb1800, 0x0000019be2cb2000,
0x0000019be2cb3000, 0x0000019be2caf800, 0x0000019be2cad800, 0x0000019be2cb4000,
0x0000019be2cae000, 0x0000019be2cb9800, 0x0000019be2cb8000, 0x0000019be2cba800,
0x0000019be2cb4800, 0x0000019be2cb5800, 0x0000019be2cbb000, 0x0000019be2cb7000,
0x0000019be2cbc000, 0x0000019be2cb6800, 0x0000019be2cb8800, 0x0000019be2cf1800,
0x0000019be2cf0000, 0x0000019be2cf1000, 0x0000019be2cf5000, 0x0000019be2cef800,
0x0000019be2cf7800, 0x0000019be2cf4000, 0x0000019be2cf6000, 0x0000019be2cf6800,
0x0000019be2cf8000, 0x0000019be2cf2800, 0x0000019be2cf9000, 0x0000019be2cf3800,
0x0000019be2cfb800, 0x0000019be2cfc800, 0x0000019be2cfd000, 0x0000019be2cfa800,
0x0000019be2cfe000, 0x0000019be2cfa000, 0x0000019be1052000, 0x0000019be1053800,
0x0000019be1057000, 0x0000019be1053000, 0x0000019be1051800, 0x0000019be1058000,
0x0000019be1059800, 0x0000019be1054800, 0x0000019be105b000, 0x0000019be1058800,
0x0000019be1056000, 0x0000019be105a800
}

Java Threads: ( => current thread )
  0x0000019bbee6c000 JavaThread "main" [_thread_blocked, id=50480, stack(0x0000009811d00000,0x0000009811e00000)]
  0x0000019bdb2e2800 JavaThread "Reference Handler" daemon [_thread_blocked, id=52276, stack(0x0000009812400000,0x0000009812500000)]
  0x0000019bdb2e6000 JavaThread "Finalizer" daemon [_thread_blocked, id=43772, stack(0x0000009812500000,0x0000009812600000)]
  0x0000019bdbbcc800 JavaThread "Signal Dispatcher" daemon [_thread_blocked, id=44592, stack(0x0000009812600000,0x0000009812700000)]
  0x0000019bdbbcd800 JavaThread "Attach Listener" daemon [_thread_blocked, id=52444, stack(0x0000009812700000,0x0000009812800000)]
  0x0000019bdbbd2000 JavaThread "Service Thread" daemon [_thread_blocked, id=52472, stack(0x0000009812800000,0x0000009812900000)]
=>0x0000019bdbbd6800 JavaThread "C2 CompilerThread0" daemon [_thread_in_native, id=51668, stack(0x0000009812900000,0x0000009812a00000)]
  0x0000019bdbbda800 JavaThread "C1 CompilerThread0" daemon [_thread_blocked, id=52508, stack(0x0000009812a00000,0x0000009812b00000)]
  0x0000019bdbbe7800 JavaThread "Sweeper thread" daemon [_thread_blocked, id=51500, stack(0x0000009812b00000,0x0000009812c00000)]
  0x0000019bdbd32000 JavaThread "Common-Cleaner" daemon [_thread_blocked, id=52512, stack(0x0000009812c00000,0x0000009812d00000)]
  0x0000019bdea1b000 JavaThread "Daemon health stats" [_thread_blocked, id=52660, stack(0x0000009813500000,0x0000009813600000)]
  0x0000019bdea17000 JavaThread "Incoming local TCP Connector on port 59242" [_thread_in_native, id=28236, stack(0x0000009812e00000,0x0000009812f00000)]
  0x0000019bdea15800 JavaThread "Daemon periodic checks" [_thread_blocked, id=52404, stack(0x0000009812f00000,0x0000009813000000)]
  0x0000019bdea18800 JavaThread "Daemon" [_thread_blocked, id=52704, stack(0x0000009813600000,0x0000009813700000)]
  0x0000019bdea16000 JavaThread "Handler for socket connection from /127.0.0.1:59242 to /127.0.0.1:59243" [_thread_in_native, id=52724, stack(0x0000009813700000,0x0000009813800000)]
  0x0000019bdea18000 JavaThread "Cancel handler" [_thread_blocked, id=52700, stack(0x0000009813800000,0x0000009813900000)]
  0x0000019bdea1c000 JavaThread "Daemon worker" [_thread_in_native, id=52732, stack(0x0000009813900000,0x0000009813a00000)]
  0x0000019bdea1a800 JavaThread "Asynchronous log dispatcher for DefaultDaemonConnection: socket connection from /127.0.0.1:59242 to /127.0.0.1:59243" [_thread_blocked, id=52368, stack(0x0000009813a00000,0x0000009813b00000)]
  0x0000019bdea19800 JavaThread "Stdin handler" [_thread_blocked, id=52364, stack(0x0000009813b00000,0x0000009813c00000)]
  0x0000019bde12d000 JavaThread "Daemon client event forwarder" [_thread_blocked, id=52372, stack(0x0000009813c00000,0x0000009813d00000)]
  0x0000019bde131000 JavaThread "Cache worker for journal cache (C:\Users\a84203565\.gradle\caches\journal-1)" [_thread_blocked, id=49792, stack(0x0000009813d00000,0x0000009813e00000)]
  0x0000019bde132000 JavaThread "File lock request listener" [_thread_in_native, id=13460, stack(0x0000009813e00000,0x0000009813f00000)]
  0x0000019bde12d800 JavaThread "Cache worker for file hash cache (C:\Users\a84203565\.gradle\caches\7.3.3\fileHashes)" [_thread_blocked, id=49900, stack(0x0000009813f00000,0x0000009814000000)]
  0x0000019bdd31e800 JavaThread "C2 CompilerThread1" daemon [_thread_in_native, id=41580, stack(0x0000009814300000,0x0000009814400000)]
  0x0000019bde130000 JavaThread "Cache worker for file hash cache (C:\Users\a84203565\AndroidStudioProjects\SeparateAudioCodelab\.gradle\7.3.3\fileHashes)" [_thread_blocked, id=52584, stack(0x0000009814400000,0x0000009814500000)]
  0x0000019bde132800 JavaThread "File watcher server" daemon [_thread_in_native, id=52792, stack(0x0000009814500000,0x0000009814600000)]
  0x0000019bde133800 JavaThread "File watcher consumer" daemon [_thread_blocked, id=52788, stack(0x0000009814600000,0x0000009814700000)]
  0x0000019bde134000 JavaThread "Cache worker for checksums cache (C:\Users\a84203565\AndroidStudioProjects\SeparateAudioCodelab\.gradle\7.3.3\checksums)" [_thread_blocked, id=52796, stack(0x0000009814700000,0x0000009814800000)]
  0x0000019bde135000 JavaThread "Cache worker for cache directory md-supplier (C:\Users\a84203565\.gradle\caches\7.3.3\md-supplier)" [_thread_blocked, id=52752, stack(0x0000009814900000,0x0000009814a00000)]
  0x0000019bde12f800 JavaThread "Cache worker for cache directory md-rule (C:\Users\a84203565\.gradle\caches\7.3.3\md-rule)" [_thread_blocked, id=52808, stack(0x0000009814a00000,0x0000009814b00000)]
  0x0000019bde136000 JavaThread "Cache worker for execution history cache (C:\Users\a84203565\.gradle\caches\7.3.3\executionHistory)" [_thread_blocked, id=52840, stack(0x0000009814b00000,0x0000009814c00000)]
  0x0000019bde139000 JavaThread "jar transforms" [_thread_blocked, id=52880, stack(0x0000009814c00000,0x0000009814d00000)]
  0x0000019bde13a000 JavaThread "Cache worker for file content cache (C:\Users\a84203565\.gradle\caches\7.3.3\fileContent)" [_thread_blocked, id=52856, stack(0x0000009814d00000,0x0000009814e00000)]
  0x0000019bde13a800 JavaThread "jar transforms Thread 2" [_thread_blocked, id=52832, stack(0x0000009814e00000,0x0000009814f00000)]
  0x0000019be0e63800 JavaThread "Cache worker for dependencies-accessors (C:\Users\a84203565\AndroidStudioProjects\SeparateAudioCodelab\.gradle\7.3.3\dependencies-accessors)" [_thread_blocked, id=52864, stack(0x0000009814f00000,0x0000009815000000)]
  0x0000019be0e64800 JavaThread "jar transforms Thread 3" [_thread_blocked, id=52872, stack(0x0000009815000000,0x0000009815100000)]
  0x0000019be0e66000 JavaThread "Cache worker for Build Output Cleanup Cache (C:\Users\a84203565\AndroidStudioProjects\SeparateAudioCodelab\.gradle\buildOutputCleanup)" [_thread_blocked, id=52820, stack(0x0000009815100000,0x0000009815200000)]
  0x0000019be0e67000 JavaThread "Unconstrained build operations" [_thread_blocked, id=49396, stack(0x0000009815200000,0x0000009815300000)]
  0x0000019be0e65000 JavaThread "Unconstrained build operations Thread 2" [_thread_blocked, id=19388, stack(0x0000009815300000,0x0000009815400000)]
  0x0000019be0e67800 JavaThread "Unconstrained build operations Thread 3" [_thread_blocked, id=52992, stack(0x0000009815400000,0x0000009815500000)]
  0x0000019be0e68800 JavaThread "Unconstrained build operations Thread 4" [_thread_blocked, id=53076, stack(0x0000009815500000,0x0000009815600000)]
  0x0000019be0e62800 JavaThread "Unconstrained build operations Thread 5" [_thread_blocked, id=46836, stack(0x0000009815600000,0x0000009815700000)]
  0x0000019be0e6d800 JavaThread "Unconstrained build operations Thread 6" [_thread_blocked, id=42972, stack(0x0000009815700000,0x0000009815800000)]
  0x0000019be0e6e000 JavaThread "Unconstrained build operations Thread 7" [_thread_blocked, id=53028, stack(0x0000009815800000,0x0000009815900000)]
  0x0000019be0e6f000 JavaThread "Unconstrained build operations Thread 8" [_thread_blocked, id=49816, stack(0x0000009815900000,0x0000009815a00000)]
  0x0000019be0e69800 JavaThread "Unconstrained build operations Thread 9" [_thread_blocked, id=52688, stack(0x0000009815a00000,0x0000009815b00000)]
  0x0000019be0e6b000 JavaThread "Unconstrained build operations Thread 10" [_thread_blocked, id=53032, stack(0x0000009815b00000,0x0000009815c00000)]
  0x0000019be0e70000 JavaThread "Unconstrained build operations Thread 11" [_thread_blocked, id=53068, stack(0x0000009815c00000,0x0000009815d00000)]
  0x0000019be0e6b800 JavaThread "Unconstrained build operations Thread 12" [_thread_blocked, id=53100, stack(0x0000009815d00000,0x0000009815e00000)]
  0x0000019be0e6a000 JavaThread "Unconstrained build operations Thread 13" [_thread_blocked, id=53108, stack(0x0000009815e00000,0x0000009815f00000)]
  0x0000019be0e70800 JavaThread "Unconstrained build operations Thread 14" [_thread_blocked, id=53104, stack(0x0000009815f00000,0x0000009816000000)]
  0x0000019be0e71800 JavaThread "Unconstrained build operations Thread 15" [_thread_blocked, id=53112, stack(0x0000009816000000,0x0000009816100000)]
  0x0000019be0e6c800 JavaThread "Unconstrained build operations Thread 16" [_thread_blocked, id=53116, stack(0x0000009816100000,0x0000009816200000)]
  0x0000019be261f000 JavaThread "Unconstrained build operations Thread 17" [_thread_blocked, id=52316, stack(0x0000009816200000,0x0000009816300000)]
  0x0000019be2620000 JavaThread "Unconstrained build operations Thread 18" [_thread_blocked, id=52324, stack(0x0000009816300000,0x0000009816400000)]
  0x0000019be2622800 JavaThread "Unconstrained build operations Thread 19" [_thread_blocked, id=52420, stack(0x0000009816400000,0x0000009816500000)]
  0x0000019be2624000 JavaThread "Unconstrained build operations Thread 20" [_thread_blocked, id=52428, stack(0x0000009816500000,0x0000009816600000)]
  0x0000019be2623000 JavaThread "Unconstrained build operations Thread 21" [_thread_blocked, id=53128, stack(0x0000009816600000,0x0000009816700000)]
  0x0000019be261e000 JavaThread "Unconstrained build operations Thread 22" [_thread_blocked, id=53136, stack(0x0000009816700000,0x0000009816800000)]
  0x0000019be2624800 JavaThread "Unconstrained build operations Thread 23" [_thread_blocked, id=53132, stack(0x0000009816800000,0x0000009816900000)]
  0x0000019be2625800 JavaThread "Unconstrained build operations Thread 24" [_thread_blocked, id=52896, stack(0x0000009816900000,0x0000009816a00000)]
  0x0000019be2626800 JavaThread "Unconstrained build operations Thread 25" [_thread_blocked, id=52716, stack(0x0000009816a00000,0x0000009816b00000)]
  0x0000019be2620800 JavaThread "Unconstrained build operations Thread 26" [_thread_blocked, id=53172, stack(0x0000009816b00000,0x0000009816c00000)]
  0x0000019be2627000 JavaThread "Unconstrained build operations Thread 27" [_thread_blocked, id=52916, stack(0x0000009816c00000,0x0000009816d00000)]
  0x0000019be2621800 JavaThread "Unconstrained build operations Thread 28" [_thread_blocked, id=53180, stack(0x0000009816d00000,0x0000009816e00000)]
  0x0000019be262d000 JavaThread "Unconstrained build operations Thread 29" [_thread_blocked, id=53176, stack(0x0000009816e00000,0x0000009816f00000)]
  0x0000019be262c000 JavaThread "Unconstrained build operations Thread 30" [_thread_blocked, id=53184, stack(0x0000009816f00000,0x0000009817000000)]
  0x0000019be2628000 JavaThread "Unconstrained build operations Thread 31" [_thread_blocked, id=53188, stack(0x0000009817000000,0x0000009817100000)]
  0x0000019be2629000 JavaThread "Unconstrained build operations Thread 32" [_thread_blocked, id=52532, stack(0x0000009817100000,0x0000009817200000)]
  0x0000019be2629800 JavaThread "Unconstrained build operations Thread 33" [_thread_blocked, id=53156, stack(0x0000009817200000,0x0000009817300000)]
  0x0000019be262a800 JavaThread "Unconstrained build operations Thread 34" [_thread_blocked, id=53164, stack(0x0000009817300000,0x0000009817400000)]
  0x0000019be262b800 JavaThread "Unconstrained build operations Thread 35" [_thread_blocked, id=53168, stack(0x0000009817400000,0x0000009817500000)]
  0x0000019be2cb0800 JavaThread "Unconstrained build operations Thread 36" [_thread_blocked, id=51972, stack(0x0000009817500000,0x0000009817600000)]
  0x0000019be2caf000 JavaThread "Unconstrained build operations Thread 37" [_thread_blocked, id=42872, stack(0x0000009817600000,0x0000009817700000)]
  0x0000019be2cb1800 JavaThread "Unconstrained build operations Thread 38" [_thread_blocked, id=51752, stack(0x0000009817700000,0x0000009817800000)]
  0x0000019be2cb2000 JavaThread "Unconstrained build operations Thread 39" [_thread_blocked, id=50528, stack(0x0000009817800000,0x0000009817900000)]
  0x0000019be2cb3000 JavaThread "Unconstrained build operations Thread 40" [_thread_blocked, id=52220, stack(0x0000009817900000,0x0000009817a00000)]
  0x0000019be2caf800 JavaThread "Unconstrained build operations Thread 41" [_thread_blocked, id=14180, stack(0x0000009817a00000,0x0000009817b00000)]
  0x0000019be2cad800 JavaThread "Unconstrained build operations Thread 42" [_thread_blocked, id=51312, stack(0x0000009817b00000,0x0000009817c00000)]
  0x0000019be2cb4000 JavaThread "Unconstrained build operations Thread 43" [_thread_blocked, id=40400, stack(0x0000009817c00000,0x0000009817d00000)]
  0x0000019be2cae000 JavaThread "Unconstrained build operations Thread 44" [_thread_blocked, id=50672, stack(0x0000009817d00000,0x0000009817e00000)]
  0x0000019be2cb9800 JavaThread "Unconstrained build operations Thread 45" [_thread_blocked, id=17536, stack(0x0000009817e00000,0x0000009817f00000)]
  0x0000019be2cb8000 JavaThread "Unconstrained build operations Thread 46" [_thread_blocked, id=1984, stack(0x0000009817f00000,0x0000009818000000)]
  0x0000019be2cba800 JavaThread "Unconstrained build operations Thread 47" [_thread_blocked, id=41460, stack(0x0000009818000000,0x0000009818100000)]
  0x0000019be2cb4800 JavaThread "Unconstrained build operations Thread 48" [_thread_blocked, id=32352, stack(0x0000009818100000,0x0000009818200000)]
  0x0000019be2cb5800 JavaThread "Unconstrained build operations Thread 49" [_thread_blocked, id=53192, stack(0x0000009818200000,0x0000009818300000)]
  0x0000019be2cbb000 JavaThread "Unconstrained build operations Thread 50" [_thread_blocked, id=26292, stack(0x0000009818300000,0x0000009818400000)]
  0x0000019be2cb7000 JavaThread "Unconstrained build operations Thread 51" [_thread_blocked, id=48212, stack(0x0000009818400000,0x0000009818500000)]
  0x0000019be2cbc000 JavaThread "Unconstrained build operations Thread 52" [_thread_blocked, id=52476, stack(0x0000009818500000,0x0000009818600000)]
  0x0000019be2cb6800 JavaThread "Unconstrained build operations Thread 53" [_thread_blocked, id=52268, stack(0x0000009818600000,0x0000009818700000)]
  0x0000019be2cb8800 JavaThread "Unconstrained build operations Thread 54" [_thread_blocked, id=52252, stack(0x0000009818700000,0x0000009818800000)]
  0x0000019be2cf1800 JavaThread "Unconstrained build operations Thread 55" [_thread_blocked, id=52272, stack(0x0000009818800000,0x0000009818900000)]
  0x0000019be2cf0000 JavaThread "Unconstrained build operations Thread 56" [_thread_blocked, id=52248, stack(0x0000009818900000,0x0000009818a00000)]
  0x0000019be2cf1000 JavaThread "Unconstrained build operations Thread 57" [_thread_blocked, id=53160, stack(0x0000009818a00000,0x0000009818b00000)]
  0x0000019be2cf5000 JavaThread "Unconstrained build operations Thread 58" [_thread_blocked, id=53208, stack(0x0000009818b00000,0x0000009818c00000)]
  0x0000019be2cef800 JavaThread "Unconstrained build operations Thread 59" [_thread_blocked, id=53212, stack(0x0000009818c00000,0x0000009818d00000)]
  0x0000019be2cf7800 JavaThread "Unconstrained build operations Thread 60" [_thread_blocked, id=10336, stack(0x0000009818d00000,0x0000009818e00000)]
  0x0000019be2cf4000 JavaThread "Unconstrained build operations Thread 61" [_thread_blocked, id=50316, stack(0x0000009818e00000,0x0000009818f00000)]
  0x0000019be2cf6000 JavaThread "Unconstrained build operations Thread 62" [_thread_blocked, id=53216, stack(0x0000009818f00000,0x0000009819000000)]
  0x0000019be2cf6800 JavaThread "Unconstrained build operations Thread 63" [_thread_blocked, id=48544, stack(0x0000009819000000,0x0000009819100000)]
  0x0000019be2cf8000 JavaThread "Unconstrained build operations Thread 64" [_thread_blocked, id=46312, stack(0x0000009819100000,0x0000009819200000)]
  0x0000019be2cf2800 JavaThread "Unconstrained build operations Thread 65" [_thread_blocked, id=40436, stack(0x0000009819200000,0x0000009819300000)]
  0x0000019be2cf9000 JavaThread "Unconstrained build operations Thread 66" [_thread_blocked, id=50456, stack(0x0000009819300000,0x0000009819400000)]
  0x0000019be2cf3800 JavaThread "Unconstrained build operations Thread 67" [_thread_blocked, id=17988, stack(0x0000009819400000,0x0000009819500000)]
  0x0000019be2cfb800 JavaThread "Unconstrained build operations Thread 68" [_thread_blocked, id=14340, stack(0x0000009819500000,0x0000009819600000)]
  0x0000019be2cfc800 JavaThread "Unconstrained build operations Thread 69" [_thread_blocked, id=52344, stack(0x0000009819600000,0x0000009819700000)]
  0x0000019be2cfd000 JavaThread "Unconstrained build operations Thread 70" [_thread_blocked, id=52340, stack(0x0000009819700000,0x0000009819800000)]
  0x0000019be2cfa800 JavaThread "Unconstrained build operations Thread 71" [_thread_blocked, id=52336, stack(0x0000009819800000,0x0000009819900000)]
  0x0000019be2cfe000 JavaThread "Unconstrained build operations Thread 72" [_thread_blocked, id=10396, stack(0x0000009819900000,0x0000009819a00000)]
  0x0000019be2cfa000 JavaThread "Unconstrained build operations Thread 73" [_thread_blocked, id=52332, stack(0x0000009819a00000,0x0000009819b00000)]
  0x0000019be1052000 JavaThread "Unconstrained build operations Thread 74" [_thread_blocked, id=46820, stack(0x0000009819b00000,0x0000009819c00000)]
  0x0000019be1053800 JavaThread "Unconstrained build operations Thread 75" [_thread_blocked, id=13488, stack(0x0000009819c00000,0x0000009819d00000)]
  0x0000019be1057000 JavaThread "Unconstrained build operations Thread 76" [_thread_blocked, id=52668, stack(0x0000009819d00000,0x0000009819e00000)]
  0x0000019be1053000 JavaThread "Unconstrained build operations Thread 77" [_thread_blocked, id=52312, stack(0x0000009819e00000,0x0000009819f00000)]
  0x0000019be1051800 JavaThread "Unconstrained build operations Thread 78" [_thread_blocked, id=52308, stack(0x0000009819f00000,0x000000981a000000)]
  0x0000019be1058000 JavaThread "Unconstrained build operations Thread 79" [_thread_blocked, id=9376, stack(0x000000981a000000,0x000000981a100000)]
  0x0000019be1059800 JavaThread "Unconstrained build operations Thread 80" [_thread_blocked, id=49496, stack(0x000000981a100000,0x000000981a200000)]
  0x0000019be1054800 JavaThread "jar transforms Thread 4" [_thread_blocked, id=52304, stack(0x000000981a200000,0x000000981a300000)]
  0x0000019be105b000 JavaThread "jar transforms Thread 5" [_thread_blocked, id=52296, stack(0x000000981a300000,0x000000981a400000)]
  0x0000019be1058800 JavaThread "jar transforms Thread 6" [_thread_blocked, id=52292, stack(0x000000981a400000,0x000000981a500000)]
  0x0000019be1056000 JavaThread "jar transforms Thread 7" [_thread_blocked, id=52736, stack(0x000000981a500000,0x000000981a600000)]
  0x0000019be105a800 JavaThread "jar transforms Thread 8" [_thread_blocked, id=49328, stack(0x000000981a600000,0x000000981a700000)]

Other Threads:
  0x0000019bdb2e0000 VMThread "VM Thread" [stack: 0x0000009812300000,0x0000009812400000] [id=49944]
  0x0000019bdbd69800 WatcherThread [stack: 0x0000009812d00000,0x0000009812e00000] [id=52516]
  0x0000019bc0e63000 GCTaskThread "GC Thread#0" [stack: 0x0000009811e00000,0x0000009811f00000] [id=14896]
  0x0000019bdcc2e000 GCTaskThread "GC Thread#1" [stack: 0x0000009813000000,0x0000009813100000] [id=52568]
  0x0000019bdcc32800 GCTaskThread "GC Thread#2" [stack: 0x0000009813100000,0x0000009813200000] [id=50892]
  0x0000019bdcd29000 GCTaskThread "GC Thread#3" [stack: 0x0000009813200000,0x0000009813300000] [id=52620]
  0x0000019bdcf5f800 GCTaskThread "GC Thread#4" [stack: 0x0000009813300000,0x0000009813400000] [id=52616]
  0x0000019bdcf60800 GCTaskThread "GC Thread#5" [stack: 0x0000009813400000,0x0000009813500000] [id=52624]
  0x0000019bdc0ff800 GCTaskThread "GC Thread#6" [stack: 0x0000009814000000,0x0000009814100000] [id=44904]
  0x0000019bdefb3800 GCTaskThread "GC Thread#7" [stack: 0x0000009814100000,0x0000009814200000] [id=52480]
  0x0000019bc0e93800 ConcurrentGCThread "G1 Main Marker" [stack: 0x0000009811f00000,0x0000009812000000] [id=41576]
  0x0000019bc0e95000 ConcurrentGCThread "G1 Conc#0" [stack: 0x0000009812000000,0x0000009812100000] [id=48508]
  0x0000019bdcf61000 ConcurrentGCThread "G1 Conc#1" [stack: 0x0000009814200000,0x0000009814300000] [id=52720]
  0x0000019bc0f0e800 ConcurrentGCThread "G1 Refine#0" [stack: 0x0000009812100000,0x0000009812200000] [id=49916]
  0x0000019bdb1ac800 ConcurrentGCThread "G1 Young RemSet Sampling" [stack: 0x0000009812200000,0x0000009812300000] [id=48804]

Threads with active compile tasks:
C2 CompilerThread0   7320 5536       4       java.util.regex.Pattern::compile (498 bytes)
C2 CompilerThread1   7320 5609       4       java.lang.ClassLoader::defineClass (43 bytes)

VM state:not at safepoint (normal execution)

VM Mutex/Monitor currently owned by a thread: None

Heap address: 0x0000000080000000, size: 2048 MB, Compressed Oops mode: 32-bit
Narrow klass base: 0x0000000000000000, Narrow klass shift: 3
Compressed class space size: 1073741824 Address: 0x0000000100000000

Heap:
 garbage-first heap   total 260096K, used 158822K [0x0000000080000000, 0x0000000100000000)
  region size 1024K, 133 young (136192K), 13 survivors (13312K)
 Metaspace       used 49859K, capacity 51330K, committed 51404K, reserved 1095680K
  class space    used 6384K, capacity 6878K, committed 6912K, reserved 1048576K
Heap Regions: E=young(eden), S=young(survivor), O=old, HS=humongous(starts), HC=humongous(continues), CS=collection set, F=free, A=archive, TAMS=top-at-mark-start (previous, next)
|   0|0x0000000080000000, 0x0000000080100000, 0x0000000080100000|100%| O|  |TAMS 0x0000000080100000, 0x0000000080000000| Untracked 
|   1|0x0000000080100000, 0x0000000080200000, 0x0000000080200000|100%| O|  |TAMS 0x0000000080200000, 0x0000000080100000| Untracked 
|   2|0x0000000080200000, 0x0000000080300000, 0x0000000080300000|100%| O|  |TAMS 0x0000000080300000, 0x0000000080200000| Untracked 
|   3|0x0000000080300000, 0x0000000080400000, 0x0000000080400000|100%|HS|  |TAMS 0x0000000080400000, 0x0000000080300000| Complete 
|   4|0x0000000080400000, 0x0000000080500000, 0x0000000080500000|100%|HC|  |TAMS 0x0000000080500000, 0x0000000080400000| Complete 
|   5|0x0000000080500000, 0x0000000080600000, 0x0000000080600000|100%|HC|  |TAMS 0x0000000080600000, 0x0000000080500000| Complete 
|   6|0x0000000080600000, 0x0000000080700000, 0x0000000080700000|100%| O|  |TAMS 0x0000000080700000, 0x0000000080600000| Untracked 
|   7|0x0000000080700000, 0x0000000080800000, 0x0000000080800000|100%| O|  |TAMS 0x0000000080800000, 0x0000000080700000| Untracked 
|   8|0x0000000080800000, 0x0000000080900000, 0x0000000080900000|100%| O|  |TAMS 0x0000000080900000, 0x0000000080800000| Untracked 
|   9|0x0000000080900000, 0x0000000080a00000, 0x0000000080a00000|100%| O|  |TAMS 0x0000000080a00000, 0x0000000080900000| Untracked 
|  10|0x0000000080a00000, 0x0000000080b00000, 0x0000000080b00000|100%| O|  |TAMS 0x0000000080b00000, 0x0000000080a00000| Untracked 
|  11|0x0000000080b00000, 0x0000000080c00000, 0x0000000080c00000|100%| O|  |TAMS 0x0000000080c00000, 0x0000000080b00000| Untracked 
|  12|0x0000000080c00000, 0x0000000080d00000, 0x0000000080d00000|100%| O|  |TAMS 0x0000000080d00000, 0x0000000080c00000| Untracked 
|  13|0x0000000080d00000, 0x0000000080e00000, 0x0000000080e00000|100%| O|  |TAMS 0x0000000080e00000, 0x0000000080d00000| Untracked 
|  14|0x0000000080e00000, 0x0000000080f00000, 0x0000000080f00000|100%| O|  |TAMS 0x0000000080f00000, 0x0000000080e00000| Untracked 
|  15|0x0000000080f00000, 0x0000000081000000, 0x0000000081000000|100%| O|  |TAMS 0x0000000081000000, 0x0000000080f00000| Untracked 
|  16|0x0000000081000000, 0x000000008104e400, 0x0000000081100000| 30%| O|  |TAMS 0x000000008104e400, 0x0000000081000000| Untracked 
|  17|0x0000000081100000, 0x0000000081200000, 0x0000000081200000|100%|HS|  |TAMS 0x0000000081100000, 0x0000000081100000| Complete 
|  18|0x0000000081200000, 0x0000000081300000, 0x0000000081300000|100%|HS|  |TAMS 0x0000000081200000, 0x0000000081200000| Complete 
|  19|0x0000000081300000, 0x0000000081400000, 0x0000000081400000|100%|HS|  |TAMS 0x0000000081300000, 0x0000000081300000| Complete 
|  20|0x0000000081400000, 0x0000000081500000, 0x0000000081500000|100%|HS|  |TAMS 0x0000000081400000, 0x0000000081400000| Complete 
|  21|0x0000000081500000, 0x0000000081600000, 0x0000000081600000|100%|HC|  |TAMS 0x0000000081500000, 0x0000000081500000| Complete 
|  22|0x0000000081600000, 0x0000000081700000, 0x0000000081700000|100%|HC|  |TAMS 0x0000000081600000, 0x0000000081600000| Complete 
|  23|0x0000000081700000, 0x0000000081800000, 0x0000000081800000|100%|HS|  |TAMS 0x0000000081700000, 0x0000000081700000| Complete 
|  24|0x0000000081800000, 0x0000000081900000, 0x0000000081900000|100%|HC|  |TAMS 0x0000000081800000, 0x0000000081800000| Complete 
|  25|0x0000000081900000, 0x0000000081900000, 0x0000000081a00000|  0%| F|  |TAMS 0x0000000081900000, 0x0000000081900000| Untracked 
|  26|0x0000000081a00000, 0x0000000081a00000, 0x0000000081b00000|  0%| F|  |TAMS 0x0000000081a00000, 0x0000000081a00000| Untracked 
|  27|0x0000000081b00000, 0x0000000081b00000, 0x0000000081c00000|  0%| F|  |TAMS 0x0000000081b00000, 0x0000000081b00000| Untracked 
|  28|0x0000000081c00000, 0x0000000081c00000, 0x0000000081d00000|  0%| F|  |TAMS 0x0000000081c00000, 0x0000000081c00000| Untracked 
|  29|0x0000000081d00000, 0x0000000081d00000, 0x0000000081e00000|  0%| F|  |TAMS 0x0000000081d00000, 0x0000000081d00000| Untracked 
|  30|0x0000000081e00000, 0x0000000081e00000, 0x0000000081f00000|  0%| F|  |TAMS 0x0000000081e00000, 0x0000000081e00000| Untracked 
|  31|0x0000000081f00000, 0x0000000081f00000, 0x0000000082000000|  0%| F|  |TAMS 0x0000000081f00000, 0x0000000081f00000| Untracked 
|  32|0x0000000082000000, 0x0000000082000000, 0x0000000082100000|  0%| F|  |TAMS 0x0000000082000000, 0x0000000082000000| Untracked 
|  33|0x0000000082100000, 0x0000000082100000, 0x0000000082200000|  0%| F|  |TAMS 0x0000000082100000, 0x0000000082100000| Untracked 
|  34|0x0000000082200000, 0x0000000082200000, 0x0000000082300000|  0%| F|  |TAMS 0x0000000082200000, 0x0000000082200000| Untracked 
|  35|0x0000000082300000, 0x0000000082300000, 0x0000000082400000|  0%| F|  |TAMS 0x0000000082300000, 0x0000000082300000| Untracked 
|  36|0x0000000082400000, 0x0000000082400000, 0x0000000082500000|  0%| F|  |TAMS 0x0000000082400000, 0x0000000082400000| Untracked 
|  37|0x0000000082500000, 0x0000000082500000, 0x0000000082600000|  0%| F|  |TAMS 0x0000000082500000, 0x0000000082500000| Untracked 
|  38|0x0000000082600000, 0x0000000082600000, 0x0000000082700000|  0%| F|  |TAMS 0x0000000082600000, 0x0000000082600000| Untracked 
|  39|0x0000000082700000, 0x0000000082700000, 0x0000000082800000|  0%| F|  |TAMS 0x0000000082700000, 0x0000000082700000| Untracked 
|  40|0x0000000082800000, 0x0000000082800000, 0x0000000082900000|  0%| F|  |TAMS 0x0000000082800000, 0x0000000082800000| Untracked 
|  41|0x0000000082900000, 0x0000000082900000, 0x0000000082a00000|  0%| F|  |TAMS 0x0000000082900000, 0x0000000082900000| Untracked 
|  42|0x0000000082a00000, 0x0000000082a00000, 0x0000000082b00000|  0%| F|  |TAMS 0x0000000082a00000, 0x0000000082a00000| Untracked 
|  43|0x0000000082b00000, 0x0000000082b00000, 0x0000000082c00000|  0%| F|  |TAMS 0x0000000082b00000, 0x0000000082b00000| Untracked 
|  44|0x0000000082c00000, 0x0000000082c00000, 0x0000000082d00000|  0%| F|  |TAMS 0x0000000082c00000, 0x0000000082c00000| Untracked 
|  45|0x0000000082d00000, 0x0000000082d00000, 0x0000000082e00000|  0%| F|  |TAMS 0x0000000082d00000, 0x0000000082d00000| Untracked 
|  46|0x0000000082e00000, 0x0000000082e00000, 0x0000000082f00000|  0%| F|  |TAMS 0x0000000082e00000, 0x0000000082e00000| Untracked 
|  47|0x0000000082f00000, 0x0000000082f00000, 0x0000000083000000|  0%| F|  |TAMS 0x0000000082f00000, 0x0000000082f00000| Untracked 
|  48|0x0000000083000000, 0x0000000083000000, 0x0000000083100000|  0%| F|  |TAMS 0x0000000083000000, 0x0000000083000000| Untracked 
|  49|0x0000000083100000, 0x0000000083100000, 0x0000000083200000|  0%| F|  |TAMS 0x0000000083100000, 0x0000000083100000| Untracked 
|  50|0x0000000083200000, 0x0000000083200000, 0x0000000083300000|  0%| F|  |TAMS 0x0000000083200000, 0x0000000083200000| Untracked 
|  51|0x0000000083300000, 0x0000000083300000, 0x0000000083400000|  0%| F|  |TAMS 0x0000000083300000, 0x0000000083300000| Untracked 
|  52|0x0000000083400000, 0x0000000083400000, 0x0000000083500000|  0%| F|  |TAMS 0x0000000083400000, 0x0000000083400000| Untracked 
|  53|0x0000000083500000, 0x0000000083500000, 0x0000000083600000|  0%| F|  |TAMS 0x0000000083500000, 0x0000000083500000| Untracked 
|  54|0x0000000083600000, 0x0000000083600000, 0x0000000083700000|  0%| F|  |TAMS 0x0000000083600000, 0x0000000083600000| Untracked 
|  55|0x0000000083700000, 0x0000000083700000, 0x0000000083800000|  0%| F|  |TAMS 0x0000000083700000, 0x0000000083700000| Untracked 
|  56|0x0000000083800000, 0x0000000083800000, 0x0000000083900000|  0%| F|  |TAMS 0x0000000083800000, 0x0000000083800000| Untracked 
|  57|0x0000000083900000, 0x0000000083900000, 0x0000000083a00000|  0%| F|  |TAMS 0x0000000083900000, 0x0000000083900000| Untracked 
|  58|0x0000000083a00000, 0x0000000083a00000, 0x0000000083b00000|  0%| F|  |TAMS 0x0000000083a00000, 0x0000000083a00000| Untracked 
|  59|0x0000000083b00000, 0x0000000083b00000, 0x0000000083c00000|  0%| F|  |TAMS 0x0000000083b00000, 0x0000000083b00000| Untracked 
|  60|0x0000000083c00000, 0x0000000083c00000, 0x0000000083d00000|  0%| F|  |TAMS 0x0000000083c00000, 0x0000000083c00000| Untracked 
|  61|0x0000000083d00000, 0x0000000083d00000, 0x0000000083e00000|  0%| F|  |TAMS 0x0000000083d00000, 0x0000000083d00000| Untracked 
|  62|0x0000000083e00000, 0x0000000083e00000, 0x0000000083f00000|  0%| F|  |TAMS 0x0000000083e00000, 0x0000000083e00000| Untracked 
|  63|0x0000000083f00000, 0x0000000083f00000, 0x0000000084000000|  0%| F|  |TAMS 0x0000000083f00000, 0x0000000083f00000| Untracked 
|  64|0x0000000084000000, 0x0000000084000000, 0x0000000084100000|  0%| F|  |TAMS 0x0000000084000000, 0x0000000084000000| Untracked 
|  65|0x0000000084100000, 0x0000000084100000, 0x0000000084200000|  0%| F|  |TAMS 0x0000000084100000, 0x0000000084100000| Untracked 
|  66|0x0000000084200000, 0x0000000084200000, 0x0000000084300000|  0%| F|  |TAMS 0x0000000084200000, 0x0000000084200000| Untracked 
|  67|0x0000000084300000, 0x0000000084300000, 0x0000000084400000|  0%| F|  |TAMS 0x0000000084300000, 0x0000000084300000| Untracked 
|  68|0x0000000084400000, 0x0000000084400000, 0x0000000084500000|  0%| F|  |TAMS 0x0000000084400000, 0x0000000084400000| Untracked 
|  69|0x0000000084500000, 0x0000000084500000, 0x0000000084600000|  0%| F|  |TAMS 0x0000000084500000, 0x0000000084500000| Untracked 
|  70|0x0000000084600000, 0x0000000084600000, 0x0000000084700000|  0%| F|  |TAMS 0x0000000084600000, 0x0000000084600000| Untracked 
|  71|0x0000000084700000, 0x0000000084700000, 0x0000000084800000|  0%| F|  |TAMS 0x0000000084700000, 0x0000000084700000| Untracked 
|  72|0x0000000084800000, 0x0000000084800000, 0x0000000084900000|  0%| F|  |TAMS 0x0000000084800000, 0x0000000084800000| Untracked 
|  73|0x0000000084900000, 0x0000000084900000, 0x0000000084a00000|  0%| F|  |TAMS 0x0000000084900000, 0x0000000084900000| Untracked 
|  74|0x0000000084a00000, 0x0000000084a00000, 0x0000000084b00000|  0%| F|  |TAMS 0x0000000084a00000, 0x0000000084a00000| Untracked 
|  75|0x0000000084b00000, 0x0000000084b00000, 0x0000000084c00000|  0%| F|  |TAMS 0x0000000084b00000, 0x0000000084b00000| Untracked 
|  76|0x0000000084c00000, 0x0000000084c00000, 0x0000000084d00000|  0%| F|  |TAMS 0x0000000084c00000, 0x0000000084c00000| Untracked 
|  77|0x0000000084d00000, 0x0000000084d00000, 0x0000000084e00000|  0%| F|  |TAMS 0x0000000084d00000, 0x0000000084d00000| Untracked 
|  78|0x0000000084e00000, 0x0000000084e00000, 0x0000000084f00000|  0%| F|  |TAMS 0x0000000084e00000, 0x0000000084e00000| Untracked 
|  79|0x0000000084f00000, 0x0000000084f00000, 0x0000000085000000|  0%| F|  |TAMS 0x0000000084f00000, 0x0000000084f00000| Untracked 
|  80|0x0000000085000000, 0x0000000085000000, 0x0000000085100000|  0%| F|  |TAMS 0x0000000085000000, 0x0000000085000000| Untracked 
|  81|0x0000000085100000, 0x0000000085100000, 0x0000000085200000|  0%| F|  |TAMS 0x0000000085100000, 0x0000000085100000| Untracked 
|  82|0x0000000085200000, 0x0000000085200000, 0x0000000085300000|  0%| F|  |TAMS 0x0000000085200000, 0x0000000085200000| Untracked 
|  83|0x0000000085300000, 0x0000000085300000, 0x0000000085400000|  0%| F|  |TAMS 0x0000000085300000, 0x0000000085300000| Untracked 
|  84|0x0000000085400000, 0x0000000085400000, 0x0000000085500000|  0%| F|  |TAMS 0x0000000085400000, 0x0000000085400000| Untracked 
|  85|0x0000000085500000, 0x0000000085500000, 0x0000000085600000|  0%| F|  |TAMS 0x0000000085500000, 0x0000000085500000| Untracked 
|  86|0x0000000085600000, 0x0000000085600000, 0x0000000085700000|  0%| F|  |TAMS 0x0000000085600000, 0x0000000085600000| Untracked 
|  87|0x0000000085700000, 0x0000000085700000, 0x0000000085800000|  0%| F|  |TAMS 0x0000000085700000, 0x0000000085700000| Untracked 
|  88|0x0000000085800000, 0x0000000085800000, 0x0000000085900000|  0%| F|  |TAMS 0x0000000085800000, 0x0000000085800000| Untracked 
|  89|0x0000000085900000, 0x0000000085900000, 0x0000000085a00000|  0%| F|  |TAMS 0x0000000085900000, 0x0000000085900000| Untracked 
|  90|0x0000000085a00000, 0x0000000085a00000, 0x0000000085b00000|  0%| F|  |TAMS 0x0000000085a00000, 0x0000000085a00000| Untracked 
|  91|0x0000000085b00000, 0x0000000085b00000, 0x0000000085c00000|  0%| F|  |TAMS 0x0000000085b00000, 0x0000000085b00000| Untracked 
|  92|0x0000000085c00000, 0x0000000085c00000, 0x0000000085d00000|  0%| F|  |TAMS 0x0000000085c00000, 0x0000000085c00000| Untracked 
|  93|0x0000000085d00000, 0x0000000085d00000, 0x0000000085e00000|  0%| F|  |TAMS 0x0000000085d00000, 0x0000000085d00000| Untracked 
|  94|0x0000000085e00000, 0x0000000085e00000, 0x0000000085f00000|  0%| F|  |TAMS 0x0000000085e00000, 0x0000000085e00000| Untracked 
|  95|0x0000000085f00000, 0x0000000085f00000, 0x0000000086000000|  0%| F|  |TAMS 0x0000000085f00000, 0x0000000085f00000| Untracked 
|  96|0x0000000086000000, 0x0000000086000000, 0x0000000086100000|  0%| F|  |TAMS 0x0000000086000000, 0x0000000086000000| Untracked 
|  97|0x0000000086100000, 0x0000000086100000, 0x0000000086200000|  0%| F|  |TAMS 0x0000000086100000, 0x0000000086100000| Untracked 
|  98|0x0000000086200000, 0x0000000086200000, 0x0000000086300000|  0%| F|  |TAMS 0x0000000086200000, 0x0000000086200000| Untracked 
|  99|0x0000000086300000, 0x0000000086300000, 0x0000000086400000|  0%| F|  |TAMS 0x0000000086300000, 0x0000000086300000| Untracked 
| 100|0x0000000086400000, 0x0000000086400000, 0x0000000086500000|  0%| F|  |TAMS 0x0000000086400000, 0x0000000086400000| Untracked 
| 101|0x0000000086500000, 0x0000000086500000, 0x0000000086600000|  0%| F|  |TAMS 0x0000000086500000, 0x0000000086500000| Untracked 
| 102|0x0000000086600000, 0x0000000086600000, 0x0000000086700000|  0%| F|  |TAMS 0x0000000086600000, 0x0000000086600000| Untracked 
| 103|0x0000000086700000, 0x0000000086700000, 0x0000000086800000|  0%| F|  |TAMS 0x0000000086700000, 0x0000000086700000| Untracked 
| 104|0x0000000086800000, 0x0000000086800000, 0x0000000086900000|  0%| F|  |TAMS 0x0000000086800000, 0x0000000086800000| Untracked 
| 105|0x0000000086900000, 0x0000000086900000, 0x0000000086a00000|  0%| F|  |TAMS 0x0000000086900000, 0x0000000086900000| Untracked 
| 106|0x0000000086a00000, 0x0000000086a00000, 0x0000000086b00000|  0%| F|  |TAMS 0x0000000086a00000, 0x0000000086a00000| Untracked 
| 107|0x0000000086b00000, 0x0000000086b00000, 0x0000000086c00000|  0%| F|  |TAMS 0x0000000086b00000, 0x0000000086b00000| Untracked 
| 108|0x0000000086c00000, 0x0000000086c00000, 0x0000000086d00000|  0%| F|  |TAMS 0x0000000086c00000, 0x0000000086c00000| Untracked 
| 109|0x0000000086d00000, 0x0000000086d00000, 0x0000000086e00000|  0%| F|  |TAMS 0x0000000086d00000, 0x0000000086d00000| Untracked 
| 110|0x0000000086e00000, 0x0000000086e00000, 0x0000000086f00000|  0%| F|  |TAMS 0x0000000086e00000, 0x0000000086e00000| Untracked 
| 111|0x0000000086f00000, 0x0000000086f00000, 0x0000000087000000|  0%| F|  |TAMS 0x0000000086f00000, 0x0000000086f00000| Untracked 
| 112|0x0000000087000000, 0x0000000087000000, 0x0000000087100000|  0%| F|  |TAMS 0x0000000087000000, 0x0000000087000000| Untracked 
| 113|0x0000000087100000, 0x0000000087100000, 0x0000000087200000|  0%| F|  |TAMS 0x0000000087100000, 0x0000000087100000| Untracked 
| 114|0x0000000087200000, 0x0000000087200000, 0x0000000087300000|  0%| F|  |TAMS 0x0000000087200000, 0x0000000087200000| Untracked 
| 115|0x0000000087300000, 0x0000000087300000, 0x0000000087400000|  0%| F|  |TAMS 0x0000000087300000, 0x0000000087300000| Untracked 
| 116|0x0000000087400000, 0x0000000087400000, 0x0000000087500000|  0%| F|  |TAMS 0x0000000087400000, 0x0000000087400000| Untracked 
| 117|0x0000000087500000, 0x0000000087500000, 0x0000000087600000|  0%| F|  |TAMS 0x0000000087500000, 0x0000000087500000| Untracked 
| 118|0x0000000087600000, 0x0000000087600000, 0x0000000087700000|  0%| F|  |TAMS 0x0000000087600000, 0x0000000087600000| Untracked 
| 119|0x0000000087700000, 0x0000000087700000, 0x0000000087800000|  0%| F|  |TAMS 0x0000000087700000, 0x0000000087700000| Untracked 
| 120|0x0000000087800000, 0x0000000087800000, 0x0000000087900000|  0%| F|  |TAMS 0x0000000087800000, 0x0000000087800000| Untracked 
| 121|0x0000000087900000, 0x0000000087a00000, 0x0000000087a00000|100%| E|  |TAMS 0x0000000087900000, 0x0000000087900000| Complete 
| 122|0x0000000087a00000, 0x0000000087b00000, 0x0000000087b00000|100%| E|CS|TAMS 0x0000000087a00000, 0x0000000087a00000| Complete 
| 123|0x0000000087b00000, 0x0000000087c00000, 0x0000000087c00000|100%| E|CS|TAMS 0x0000000087b00000, 0x0000000087b00000| Complete 
| 124|0x0000000087c00000, 0x0000000087d00000, 0x0000000087d00000|100%| E|CS|TAMS 0x0000000087c00000, 0x0000000087c00000| Complete 
| 125|0x0000000087d00000, 0x0000000087e00000, 0x0000000087e00000|100%| E|CS|TAMS 0x0000000087d00000, 0x0000000087d00000| Complete 
| 126|0x0000000087e00000, 0x0000000087ecb678, 0x0000000087f00000| 79%| S|CS|TAMS 0x0000000087e00000, 0x0000000087e00000| Complete 
| 127|0x0000000087f00000, 0x0000000088000000, 0x0000000088000000|100%| S|CS|TAMS 0x0000000087f00000, 0x0000000087f00000| Complete 
| 128|0x0000000088000000, 0x0000000088100000, 0x0000000088100000|100%| S|CS|TAMS 0x0000000088000000, 0x0000000088000000| Complete 
| 129|0x0000000088100000, 0x0000000088200000, 0x0000000088200000|100%| S|CS|TAMS 0x0000000088100000, 0x0000000088100000| Complete 
| 130|0x0000000088200000, 0x0000000088300000, 0x0000000088300000|100%| S|CS|TAMS 0x0000000088200000, 0x0000000088200000| Complete 
| 131|0x0000000088300000, 0x0000000088400000, 0x0000000088400000|100%| S|CS|TAMS 0x0000000088300000, 0x0000000088300000| Complete 
| 132|0x0000000088400000, 0x0000000088500000, 0x0000000088500000|100%| S|CS|TAMS 0x0000000088400000, 0x0000000088400000| Complete 
| 133|0x0000000088500000, 0x0000000088600000, 0x0000000088600000|100%| S|CS|TAMS 0x0000000088500000, 0x0000000088500000| Complete 
| 134|0x0000000088600000, 0x0000000088700000, 0x0000000088700000|100%| S|CS|TAMS 0x0000000088600000, 0x0000000088600000| Complete 
| 135|0x0000000088700000, 0x0000000088800000, 0x0000000088800000|100%| S|CS|TAMS 0x0000000088700000, 0x0000000088700000| Complete 
| 136|0x0000000088800000, 0x0000000088900000, 0x0000000088900000|100%| S|CS|TAMS 0x0000000088800000, 0x0000000088800000| Complete 
| 137|0x0000000088900000, 0x0000000088a00000, 0x0000000088a00000|100%| S|CS|TAMS 0x0000000088900000, 0x0000000088900000| Complete 
| 138|0x0000000088a00000, 0x0000000088b00000, 0x0000000088b00000|100%| S|CS|TAMS 0x0000000088a00000, 0x0000000088a00000| Complete 
| 139|0x0000000088b00000, 0x0000000088c00000, 0x0000000088c00000|100%| E|CS|TAMS 0x0000000088b00000, 0x0000000088b00000| Complete 
| 140|0x0000000088c00000, 0x0000000088d00000, 0x0000000088d00000|100%| E|CS|TAMS 0x0000000088c00000, 0x0000000088c00000| Complete 
| 141|0x0000000088d00000, 0x0000000088e00000, 0x0000000088e00000|100%| E|CS|TAMS 0x0000000088d00000, 0x0000000088d00000| Complete 
| 142|0x0000000088e00000, 0x0000000088f00000, 0x0000000088f00000|100%| E|CS|TAMS 0x0000000088e00000, 0x0000000088e00000| Complete 
| 143|0x0000000088f00000, 0x0000000089000000, 0x0000000089000000|100%| E|CS|TAMS 0x0000000088f00000, 0x0000000088f00000| Complete 
| 144|0x0000000089000000, 0x0000000089100000, 0x0000000089100000|100%| E|CS|TAMS 0x0000000089000000, 0x0000000089000000| Complete 
| 145|0x0000000089100000, 0x0000000089200000, 0x0000000089200000|100%| E|CS|TAMS 0x0000000089100000, 0x0000000089100000| Complete 
| 146|0x0000000089200000, 0x0000000089300000, 0x0000000089300000|100%| E|CS|TAMS 0x0000000089200000, 0x0000000089200000| Complete 
| 147|0x0000000089300000, 0x0000000089400000, 0x0000000089400000|100%| E|CS|TAMS 0x0000000089300000, 0x0000000089300000| Complete 
| 148|0x0000000089400000, 0x0000000089500000, 0x0000000089500000|100%| E|CS|TAMS 0x0000000089400000, 0x0000000089400000| Complete 
| 149|0x0000000089500000, 0x0000000089600000, 0x0000000089600000|100%| E|CS|TAMS 0x0000000089500000, 0x0000000089500000| Complete 
| 150|0x0000000089600000, 0x0000000089700000, 0x0000000089700000|100%| E|CS|TAMS 0x0000000089600000, 0x0000000089600000| Complete 
| 151|0x0000000089700000, 0x0000000089800000, 0x0000000089800000|100%| E|CS|TAMS 0x0000000089700000, 0x0000000089700000| Complete 
| 152|0x0000000089800000, 0x0000000089900000, 0x0000000089900000|100%| E|CS|TAMS 0x0000000089800000, 0x0000000089800000| Complete 
| 153|0x0000000089900000, 0x0000000089a00000, 0x0000000089a00000|100%| E|CS|TAMS 0x0000000089900000, 0x0000000089900000| Complete 
| 154|0x0000000089a00000, 0x0000000089b00000, 0x0000000089b00000|100%| E|CS|TAMS 0x0000000089a00000, 0x0000000089a00000| Complete 
| 155|0x0000000089b00000, 0x0000000089c00000, 0x0000000089c00000|100%| E|CS|TAMS 0x0000000089b00000, 0x0000000089b00000| Complete 
| 156|0x0000000089c00000, 0x0000000089d00000, 0x0000000089d00000|100%| E|CS|TAMS 0x0000000089c00000, 0x0000000089c00000| Complete 
| 157|0x0000000089d00000, 0x0000000089e00000, 0x0000000089e00000|100%| E|CS|TAMS 0x0000000089d00000, 0x0000000089d00000| Complete 
| 158|0x0000000089e00000, 0x0000000089f00000, 0x0000000089f00000|100%| E|CS|TAMS 0x0000000089e00000, 0x0000000089e00000| Complete 
| 159|0x0000000089f00000, 0x000000008a000000, 0x000000008a000000|100%| E|CS|TAMS 0x0000000089f00000, 0x0000000089f00000| Complete 
| 160|0x000000008a000000, 0x000000008a100000, 0x000000008a100000|100%| E|  |TAMS 0x000000008a000000, 0x000000008a000000| Complete 
| 161|0x000000008a100000, 0x000000008a200000, 0x000000008a200000|100%| E|CS|TAMS 0x000000008a100000, 0x000000008a100000| Complete 
| 162|0x000000008a200000, 0x000000008a300000, 0x000000008a300000|100%| E|CS|TAMS 0x000000008a200000, 0x000000008a200000| Complete 
| 163|0x000000008a300000, 0x000000008a400000, 0x000000008a400000|100%| E|CS|TAMS 0x000000008a300000, 0x000000008a300000| Complete 
| 164|0x000000008a400000, 0x000000008a500000, 0x000000008a500000|100%| E|CS|TAMS 0x000000008a400000, 0x000000008a400000| Complete 
| 165|0x000000008a500000, 0x000000008a600000, 0x000000008a600000|100%| E|CS|TAMS 0x000000008a500000, 0x000000008a500000| Complete 
| 166|0x000000008a600000, 0x000000008a700000, 0x000000008a700000|100%| E|CS|TAMS 0x000000008a600000, 0x000000008a600000| Complete 
| 167|0x000000008a700000, 0x000000008a800000, 0x000000008a800000|100%| E|CS|TAMS 0x000000008a700000, 0x000000008a700000| Complete 
| 168|0x000000008a800000, 0x000000008a900000, 0x000000008a900000|100%| E|CS|TAMS 0x000000008a800000, 0x000000008a800000| Complete 
| 169|0x000000008a900000, 0x000000008aa00000, 0x000000008aa00000|100%| E|CS|TAMS 0x000000008a900000, 0x000000008a900000| Complete 
| 170|0x000000008aa00000, 0x000000008ab00000, 0x000000008ab00000|100%| E|CS|TAMS 0x000000008aa00000, 0x000000008aa00000| Complete 
| 171|0x000000008ab00000, 0x000000008ac00000, 0x000000008ac00000|100%| E|CS|TAMS 0x000000008ab00000, 0x000000008ab00000| Complete 
| 172|0x000000008ac00000, 0x000000008ad00000, 0x000000008ad00000|100%| E|CS|TAMS 0x000000008ac00000, 0x000000008ac00000| Complete 
| 173|0x000000008ad00000, 0x000000008ae00000, 0x000000008ae00000|100%| E|CS|TAMS 0x000000008ad00000, 0x000000008ad00000| Complete 
| 174|0x000000008ae00000, 0x000000008af00000, 0x000000008af00000|100%| E|CS|TAMS 0x000000008ae00000, 0x000000008ae00000| Complete 
| 175|0x000000008af00000, 0x000000008b000000, 0x000000008b000000|100%| E|CS|TAMS 0x000000008af00000, 0x000000008af00000| Complete 
| 176|0x000000008b000000, 0x000000008b100000, 0x000000008b100000|100%| E|CS|TAMS 0x000000008b000000, 0x000000008b000000| Complete 
| 177|0x000000008b100000, 0x000000008b200000, 0x000000008b200000|100%| E|CS|TAMS 0x000000008b100000, 0x000000008b100000| Complete 
| 178|0x000000008b200000, 0x000000008b300000, 0x000000008b300000|100%| E|CS|TAMS 0x000000008b200000, 0x000000008b200000| Complete 
| 179|0x000000008b300000, 0x000000008b400000, 0x000000008b400000|100%| E|CS|TAMS 0x000000008b300000, 0x000000008b300000| Complete 
| 180|0x000000008b400000, 0x000000008b500000, 0x000000008b500000|100%| E|CS|TAMS 0x000000008b400000, 0x000000008b400000| Complete 
| 181|0x000000008b500000, 0x000000008b600000, 0x000000008b600000|100%| E|CS|TAMS 0x000000008b500000, 0x000000008b500000| Complete 
| 182|0x000000008b600000, 0x000000008b700000, 0x000000008b700000|100%| E|CS|TAMS 0x000000008b600000, 0x000000008b600000| Complete 
| 183|0x000000008b700000, 0x000000008b800000, 0x000000008b800000|100%| E|CS|TAMS 0x000000008b700000, 0x000000008b700000| Complete 
| 184|0x000000008b800000, 0x000000008b900000, 0x000000008b900000|100%| E|CS|TAMS 0x000000008b800000, 0x000000008b800000| Complete 
| 185|0x000000008b900000, 0x000000008ba00000, 0x000000008ba00000|100%| E|CS|TAMS 0x000000008b900000, 0x000000008b900000| Complete 
| 186|0x000000008ba00000, 0x000000008bb00000, 0x000000008bb00000|100%| E|CS|TAMS 0x000000008ba00000, 0x000000008ba00000| Complete 
| 187|0x000000008bb00000, 0x000000008bc00000, 0x000000008bc00000|100%| E|CS|TAMS 0x000000008bb00000, 0x000000008bb00000| Complete 
| 188|0x000000008bc00000, 0x000000008bd00000, 0x000000008bd00000|100%| E|CS|TAMS 0x000000008bc00000, 0x000000008bc00000| Complete 
| 189|0x000000008bd00000, 0x000000008be00000, 0x000000008be00000|100%| E|CS|TAMS 0x000000008bd00000, 0x000000008bd00000| Complete 
| 190|0x000000008be00000, 0x000000008bf00000, 0x000000008bf00000|100%| E|CS|TAMS 0x000000008be00000, 0x000000008be00000| Complete 
| 191|0x000000008bf00000, 0x000000008c000000, 0x000000008c000000|100%| E|CS|TAMS 0x000000008bf00000, 0x000000008bf00000| Complete 
| 192|0x000000008c000000, 0x000000008c100000, 0x000000008c100000|100%| E|CS|TAMS 0x000000008c000000, 0x000000008c000000| Complete 
| 193|0x000000008c100000, 0x000000008c200000, 0x000000008c200000|100%| E|CS|TAMS 0x000000008c100000, 0x000000008c100000| Complete 
| 194|0x000000008c200000, 0x000000008c300000, 0x000000008c300000|100%| E|CS|TAMS 0x000000008c200000, 0x000000008c200000| Complete 
| 195|0x000000008c300000, 0x000000008c400000, 0x000000008c400000|100%| E|CS|TAMS 0x000000008c300000, 0x000000008c300000| Complete 
| 196|0x000000008c400000, 0x000000008c500000, 0x000000008c500000|100%| E|CS|TAMS 0x000000008c400000, 0x000000008c400000| Complete 
| 197|0x000000008c500000, 0x000000008c600000, 0x000000008c600000|100%| E|CS|TAMS 0x000000008c500000, 0x000000008c500000| Complete 
| 198|0x000000008c600000, 0x000000008c700000, 0x000000008c700000|100%| E|CS|TAMS 0x000000008c600000, 0x000000008c600000| Complete 
| 199|0x000000008c700000, 0x000000008c800000, 0x000000008c800000|100%| E|CS|TAMS 0x000000008c700000, 0x000000008c700000| Complete 
| 200|0x000000008c800000, 0x000000008c900000, 0x000000008c900000|100%| E|CS|TAMS 0x000000008c800000, 0x000000008c800000| Complete 
| 201|0x000000008c900000, 0x000000008ca00000, 0x000000008ca00000|100%| E|CS|TAMS 0x000000008c900000, 0x000000008c900000| Complete 
| 202|0x000000008ca00000, 0x000000008cb00000, 0x000000008cb00000|100%| E|CS|TAMS 0x000000008ca00000, 0x000000008ca00000| Complete 
| 203|0x000000008cb00000, 0x000000008cc00000, 0x000000008cc00000|100%| E|CS|TAMS 0x000000008cb00000, 0x000000008cb00000| Complete 
| 204|0x000000008cc00000, 0x000000008cd00000, 0x000000008cd00000|100%| E|CS|TAMS 0x000000008cc00000, 0x000000008cc00000| Complete 
| 205|0x000000008cd00000, 0x000000008ce00000, 0x000000008ce00000|100%| E|CS|TAMS 0x000000008cd00000, 0x000000008cd00000| Complete 
| 206|0x000000008ce00000, 0x000000008cf00000, 0x000000008cf00000|100%| E|CS|TAMS 0x000000008ce00000, 0x000000008ce00000| Complete 
| 207|0x000000008cf00000, 0x000000008d000000, 0x000000008d000000|100%| E|CS|TAMS 0x000000008cf00000, 0x000000008cf00000| Complete 
| 208|0x000000008d000000, 0x000000008d100000, 0x000000008d100000|100%| E|CS|TAMS 0x000000008d000000, 0x000000008d000000| Complete 
| 209|0x000000008d100000, 0x000000008d200000, 0x000000008d200000|100%| E|CS|TAMS 0x000000008d100000, 0x000000008d100000| Complete 
| 210|0x000000008d200000, 0x000000008d300000, 0x000000008d300000|100%| E|CS|TAMS 0x000000008d200000, 0x000000008d200000| Complete 
| 211|0x000000008d300000, 0x000000008d400000, 0x000000008d400000|100%| E|CS|TAMS 0x000000008d300000, 0x000000008d300000| Complete 
| 212|0x000000008d400000, 0x000000008d500000, 0x000000008d500000|100%| E|CS|TAMS 0x000000008d400000, 0x000000008d400000| Complete 
| 213|0x000000008d500000, 0x000000008d600000, 0x000000008d600000|100%| E|CS|TAMS 0x000000008d500000, 0x000000008d500000| Complete 
| 214|0x000000008d600000, 0x000000008d700000, 0x000000008d700000|100%| E|CS|TAMS 0x000000008d600000, 0x000000008d600000| Complete 
| 215|0x000000008d700000, 0x000000008d800000, 0x000000008d800000|100%| E|CS|TAMS 0x000000008d700000, 0x000000008d700000| Complete 
| 216|0x000000008d800000, 0x000000008d900000, 0x000000008d900000|100%| E|CS|TAMS 0x000000008d800000, 0x000000008d800000| Complete 
| 217|0x000000008d900000, 0x000000008da00000, 0x000000008da00000|100%| E|CS|TAMS 0x000000008d900000, 0x000000008d900000| Complete 
| 218|0x000000008da00000, 0x000000008db00000, 0x000000008db00000|100%| E|CS|TAMS 0x000000008da00000, 0x000000008da00000| Complete 
| 219|0x000000008db00000, 0x000000008dc00000, 0x000000008dc00000|100%| E|CS|TAMS 0x000000008db00000, 0x000000008db00000| Complete 
| 220|0x000000008dc00000, 0x000000008dd00000, 0x000000008dd00000|100%| E|CS|TAMS 0x000000008dc00000, 0x000000008dc00000| Complete 
| 221|0x000000008dd00000, 0x000000008de00000, 0x000000008de00000|100%| E|CS|TAMS 0x000000008dd00000, 0x000000008dd00000| Complete 
| 222|0x000000008de00000, 0x000000008df00000, 0x000000008df00000|100%| E|CS|TAMS 0x000000008de00000, 0x000000008de00000| Complete 
| 223|0x000000008df00000, 0x000000008e000000, 0x000000008e000000|100%| E|CS|TAMS 0x000000008df00000, 0x000000008df00000| Complete 
| 224|0x000000008e000000, 0x000000008e100000, 0x000000008e100000|100%| E|CS|TAMS 0x000000008e000000, 0x000000008e000000| Complete 
| 225|0x000000008e100000, 0x000000008e200000, 0x000000008e200000|100%| E|CS|TAMS 0x000000008e100000, 0x000000008e100000| Complete 
| 226|0x000000008e200000, 0x000000008e300000, 0x000000008e300000|100%| E|CS|TAMS 0x000000008e200000, 0x000000008e200000| Complete 
| 227|0x000000008e300000, 0x000000008e400000, 0x000000008e400000|100%| E|CS|TAMS 0x000000008e300000, 0x000000008e300000| Complete 
| 228|0x000000008e400000, 0x000000008e500000, 0x000000008e500000|100%| E|CS|TAMS 0x000000008e400000, 0x000000008e400000| Complete 
| 229|0x000000008e500000, 0x000000008e600000, 0x000000008e600000|100%| E|CS|TAMS 0x000000008e500000, 0x000000008e500000| Complete 
| 230|0x000000008e600000, 0x000000008e700000, 0x000000008e700000|100%| E|CS|TAMS 0x000000008e600000, 0x000000008e600000| Complete 
| 231|0x000000008e700000, 0x000000008e800000, 0x000000008e800000|100%| E|CS|TAMS 0x000000008e700000, 0x000000008e700000| Complete 
| 232|0x000000008e800000, 0x000000008e900000, 0x000000008e900000|100%| E|CS|TAMS 0x000000008e800000, 0x000000008e800000| Complete 
| 233|0x000000008e900000, 0x000000008ea00000, 0x000000008ea00000|100%| E|CS|TAMS 0x000000008e900000, 0x000000008e900000| Complete 
| 234|0x000000008ea00000, 0x000000008eb00000, 0x000000008eb00000|100%| E|CS|TAMS 0x000000008ea00000, 0x000000008ea00000| Complete 
| 235|0x000000008eb00000, 0x000000008ec00000, 0x000000008ec00000|100%| E|CS|TAMS 0x000000008eb00000, 0x000000008eb00000| Complete 
| 236|0x000000008ec00000, 0x000000008ed00000, 0x000000008ed00000|100%| E|CS|TAMS 0x000000008ec00000, 0x000000008ec00000| Complete 
| 237|0x000000008ed00000, 0x000000008ee00000, 0x000000008ee00000|100%| E|CS|TAMS 0x000000008ed00000, 0x000000008ed00000| Complete 
| 238|0x000000008ee00000, 0x000000008ef00000, 0x000000008ef00000|100%| E|CS|TAMS 0x000000008ee00000, 0x000000008ee00000| Complete 
| 239|0x000000008ef00000, 0x000000008f000000, 0x000000008f000000|100%| E|CS|TAMS 0x000000008ef00000, 0x000000008ef00000| Complete 
| 240|0x000000008f000000, 0x000000008f100000, 0x000000008f100000|100%| E|CS|TAMS 0x000000008f000000, 0x000000008f000000| Complete 
| 241|0x000000008f100000, 0x000000008f200000, 0x000000008f200000|100%| E|CS|TAMS 0x000000008f100000, 0x000000008f100000| Complete 
| 242|0x000000008f200000, 0x000000008f300000, 0x000000008f300000|100%| E|CS|TAMS 0x000000008f200000, 0x000000008f200000| Complete 
| 243|0x000000008f300000, 0x000000008f400000, 0x000000008f400000|100%| E|CS|TAMS 0x000000008f300000, 0x000000008f300000| Complete 
| 244|0x000000008f400000, 0x000000008f500000, 0x000000008f500000|100%| E|CS|TAMS 0x000000008f400000, 0x000000008f400000| Complete 
| 245|0x000000008f500000, 0x000000008f600000, 0x000000008f600000|100%| E|CS|TAMS 0x000000008f500000, 0x000000008f500000| Complete 
| 246|0x000000008f600000, 0x000000008f700000, 0x000000008f700000|100%| E|CS|TAMS 0x000000008f600000, 0x000000008f600000| Complete 
| 247|0x000000008f700000, 0x000000008f800000, 0x000000008f800000|100%| E|CS|TAMS 0x000000008f700000, 0x000000008f700000| Complete 
| 248|0x000000008f800000, 0x000000008f900000, 0x000000008f900000|100%| E|CS|TAMS 0x000000008f800000, 0x000000008f800000| Complete 
| 249|0x000000008f900000, 0x000000008fa00000, 0x000000008fa00000|100%| E|CS|TAMS 0x000000008f900000, 0x000000008f900000| Complete 
| 250|0x000000008fa00000, 0x000000008fb00000, 0x000000008fb00000|100%| E|CS|TAMS 0x000000008fa00000, 0x000000008fa00000| Complete 
| 251|0x000000008fb00000, 0x000000008fc00000, 0x000000008fc00000|100%| E|CS|TAMS 0x000000008fb00000, 0x000000008fb00000| Complete 
| 252|0x000000008fc00000, 0x000000008fd00000, 0x000000008fd00000|100%| E|CS|TAMS 0x000000008fc00000, 0x000000008fc00000| Complete 
| 253|0x000000008fd00000, 0x000000008fe00000, 0x000000008fe00000|100%| E|CS|TAMS 0x000000008fd00000, 0x000000008fd00000| Complete 

Card table byte_map: [0x0000019bd4070000,0x0000019bd4470000] _byte_map_base: 0x0000019bd3c70000

Marking Bits (Prev, Next): (CMBitMap*) 0x0000019bc0e8ae98, (CMBitMap*) 0x0000019bc0e8aed0
 Prev Bits: [0x0000019bd4870000, 0x0000019bd6870000)
 Next Bits: [0x0000019bd6870000, 0x0000019bd8870000)

Polling page: 0x0000019bbed40000

Metaspace:

Usage:
  Non-class:     43.47 MB capacity,    42.51 MB ( 98%) used,   850.21 KB (  2%) free+waste,   134.00 KB ( <1%) overhead. 
      Class:      6.72 MB capacity,     6.24 MB ( 93%) used,   423.52 KB (  6%) free+waste,    63.81 KB ( <1%) overhead. 
       Both:     50.19 MB capacity,    48.75 MB ( 97%) used,     1.24 MB (  2%) free+waste,   197.81 KB ( <1%) overhead. 

Virtual space:
  Non-class space:       46.00 MB reserved,      43.70 MB ( 95%) committed 
      Class space:        1.00 GB reserved,       6.75 MB ( <1%) committed 
             Both:        1.04 GB reserved,      50.45 MB (  5%) committed 

Chunk freelists:
   Non-Class:  40.00 KB
       Class:  2.00 KB
        Both:  42.00 KB

MaxMetaspaceSize: 17179869184.00 GB
CompressedClassSpaceSize: 1.00 GB
Initial GC threshold: 20.80 MB
Current GC threshold: 58.88 MB
CDS: off

CodeHeap 'non-profiled nmethods': size=120000Kb used=3194Kb max_used=3194Kb free=116805Kb
 bounds [0x0000019bcc410000, 0x0000019bcc730000, 0x0000019bd3940000]
CodeHeap 'profiled nmethods': size=120000Kb used=11525Kb max_used=11525Kb free=108474Kb
 bounds [0x0000019bc4ee0000, 0x0000019bc5a30000, 0x0000019bcc410000]
CodeHeap 'non-nmethods': size=5760Kb used=2296Kb max_used=2364Kb free=3463Kb
 bounds [0x0000019bc4940000, 0x0000019bc4bb0000, 0x0000019bc4ee0000]
 total_blobs=6405 nmethods=5615 adapters=702
 compilation: enabled
              stopped_count=0, restarted_count=0
 full_count=0

Compilation events (20 events):
Event: 7.276 Thread 0x0000019bdbbda800 5592       3       com.google.common.cache.LocalCache::customWeigher (16 bytes)
Event: 7.276 Thread 0x0000019bdbbda800 nmethod 5592 0x0000019bc5a0af10 code [0x0000019bc5a0b0c0, 0x0000019bc5a0b238]
Event: 7.278 Thread 0x0000019bdbbda800 5593       3       java.lang.Thread::getContextClassLoader (32 bytes)
Event: 7.278 Thread 0x0000019bdbbda800 nmethod 5593 0x0000019bc5a0b310 code [0x0000019bc5a0b540, 0x0000019bc5a0bdb8]
Event: 7.278 Thread 0x0000019bdbbda800 5594       3       com.google.common.collect.MapMakerInternalMap$StrongKeyWeakValueSegment::self (5 bytes)
Event: 7.278 Thread 0x0000019bdbbda800 nmethod 5594 0x0000019bc5a0c090 code [0x0000019bc5a0c240, 0x0000019bc5a0c398]
Event: 7.278 Thread 0x0000019bdbbda800 5595       3       com.google.common.collect.MapMakerInternalMap$StrongKeyWeakValueSegment::self (2 bytes)
Event: 7.278 Thread 0x0000019bdbbda800 nmethod 5595 0x0000019bc5a0c490 code [0x0000019bc5a0c640, 0x0000019bc5a0c738]
Event: 7.280 Thread 0x0000019bdbbda800 5596       3       com.google.common.collect.MapMakerInternalMap$Segment::getEntry (80 bytes)
Event: 7.282 Thread 0x0000019bdbbda800 nmethod 5596 0x0000019bc5a0c810 code [0x0000019bc5a0cb80, 0x0000019bc5a0e328]
Event: 7.282 Thread 0x0000019bdbbda800 5597       3       java.util.IdentityHashMap::maskNull (12 bytes)
Event: 7.282 Thread 0x0000019bdbbda800 nmethod 5597 0x0000019bc5a0ea90 code [0x0000019bc5a0ec40, 0x0000019bc5a0ed78]
Event: 7.282 Thread 0x0000019bdbbda800 5598       3       java.util.IdentityHashMap::hash (18 bytes)
Event: 7.282 Thread 0x0000019bdbbda800 nmethod 5598 0x0000019bc5a0ee10 code [0x0000019bc5a0efc0, 0x0000019bc5a0f0e8]
Event: 7.284 Thread 0x0000019bdd31e800 nmethod 5589 0x0000019bcc72af10 code [0x0000019bcc72b0e0, 0x0000019bcc72b998]
Event: 7.284 Thread 0x0000019bdd31e800 5591       4       java.util.concurrent.atomic.AtomicReferenceArray::get (12 bytes)
Event: 7.285 Thread 0x0000019bdd31e800 nmethod 5591 0x0000019bcc72be10 code [0x0000019bcc72bfa0, 0x0000019bcc72c038]
Event: 7.285 Thread 0x0000019bdd31e800 5585       4       java.util.stream.AbstractPipeline::wrapAndCopyInto (18 bytes)
Event: 7.287 Thread 0x0000019bdbbda800 5599       1       java.util.zip.ZipEntry::getName (5 bytes)
Event: 7.287 Thread 0x0000019bdbbda800 nmethod 5599 0x0000019bcc72c190 code [0x0000019bcc72c340, 0x0000019bcc72c3f8]

GC Heap History (10 events):
Event: 0.942 GC heap before
{Heap before GC invocations=0 (full 0):
 garbage-first heap   total 260096K, used 29696K [0x0000000080000000, 0x0000000100000000)
  region size 1024K, 24 young (24576K), 0 survivors (0K)
 Metaspace       used 9838K, capacity 10050K, committed 10112K, reserved 1058816K
  class space    used 1027K, capacity 1102K, committed 1152K, reserved 1048576K
}
Event: 0.947 GC heap after
{Heap after GC invocations=1 (full 0):
 garbage-first heap   total 260096K, used 9294K [0x0000000080000000, 0x0000000100000000)
  region size 1024K, 3 young (3072K), 3 survivors (3072K)
 Metaspace       used 9838K, capacity 10050K, committed 10112K, reserved 1058816K
  class space    used 1027K, capacity 1102K, committed 1152K, reserved 1048576K
}
Event: 2.833 GC heap before
{Heap before GC invocations=1 (full 0):
 garbage-first heap   total 260096K, used 112718K [0x0000000080000000, 0x0000000100000000)
  region size 1024K, 105 young (107520K), 3 survivors (3072K)
 Metaspace       used 20761K, capacity 21136K, committed 21248K, reserved 1067008K
  class space    used 2549K, capacity 2712K, committed 2816K, reserved 1048576K
}
Event: 2.842 GC heap after
{Heap after GC invocations=2 (full 0):
 garbage-first heap   total 260096K, used 16900K [0x0000000080000000, 0x0000000100000000)
  region size 1024K, 11 young (11264K), 11 survivors (11264K)
 Metaspace       used 20761K, capacity 21136K, committed 21248K, reserved 1067008K
  class space    used 2549K, capacity 2712K, committed 2816K, reserved 1048576K
}
Event: 3.464 GC heap before
{Heap before GC invocations=3 (full 0):
 garbage-first heap   total 260096K, used 85508K [0x0000000080000000, 0x0000000100000000)
  region size 1024K, 78 young (79872K), 11 survivors (11264K)
 Metaspace       used 27596K, capacity 28239K, committed 28544K, reserved 1073152K
  class space    used 3627K, capacity 3858K, committed 3968K, reserved 1048576K
}
Event: 3.472 GC heap after
{Heap after GC invocations=4 (full 0):
 garbage-first heap   total 260096K, used 19741K [0x0000000080000000, 0x0000000100000000)
  region size 1024K, 3 young (3072K), 3 survivors (3072K)
 Metaspace       used 27596K, capacity 28239K, committed 28544K, reserved 1073152K
  class space    used 3627K, capacity 3858K, committed 3968K, reserved 1048576K
}
Event: 4.064 GC heap before
{Heap before GC invocations=4 (full 0):
 garbage-first heap   total 260096K, used 64797K [0x0000000080000000, 0x0000000100000000)
  region size 1024K, 48 young (49152K), 3 survivors (3072K)
 Metaspace       used 34947K, capacity 35787K, committed 35840K, reserved 1081344K
  class space    used 4529K, capacity 4841K, committed 4864K, reserved 1048576K
}
Event: 4.072 GC heap after
{Heap after GC invocations=5 (full 0):
 garbage-first heap   total 260096K, used 22197K [0x0000000080000000, 0x0000000100000000)
  region size 1024K, 6 young (6144K), 6 survivors (6144K)
 Metaspace       used 34947K, capacity 35787K, committed 35840K, reserved 1081344K
  class space    used 4529K, capacity 4841K, committed 4864K, reserved 1048576K
}
Event: 5.419 GC heap before
{Heap before GC invocations=6 (full 0):
 garbage-first heap   total 260096K, used 136885K [0x0000000080000000, 0x0000000100000000)
  region size 1024K, 115 young (117760K), 6 survivors (6144K)
 Metaspace       used 44260K, capacity 45335K, committed 45516K, reserved 1089536K
  class space    used 5671K, capacity 6051K, committed 6144K, reserved 1048576K
}
Event: 5.436 GC heap after
{Heap after GC invocations=7 (full 0):
 garbage-first heap   total 260096K, used 29798K [0x0000000080000000, 0x0000000100000000)
  region size 1024K, 13 young (13312K), 13 survivors (13312K)
 Metaspace       used 44260K, capacity 45335K, committed 45516K, reserved 1089536K
  class space    used 5671K, capacity 6051K, committed 6144K, reserved 1048576K
}

Deoptimization events (20 events):
Event: 7.248 Thread 0x0000019bde12d000 Uncommon trap: trap_request=0xffffff6e fr.pc=0x0000019bcc710fe8 relative=0x0000000000000788
Event: 7.248 Thread 0x0000019bde12d000 Uncommon trap: reason=speculate_class_check action=maybe_recompile pc=0x0000019bcc710fe8 method=sun.security.provider.DigestBase.implCompressMultiBlock([BII)I @ 11 c2
Event: 7.248 Thread 0x0000019bde12d000 DEOPT PACKING pc=0x0000019bcc710fe8 sp=0x0000009813cfcd00
Event: 7.248 Thread 0x0000019bde12d000 DEOPT UNPACKING pc=0x0000019bc498a1af sp=0x0000009813cfcc38 mode 2
Event: 7.251 Thread 0x0000019bde12d000 Uncommon trap: trap_request=0xffffff6e fr.pc=0x0000019bcc710fe8 relative=0x0000000000000788
Event: 7.251 Thread 0x0000019bde12d000 Uncommon trap: reason=speculate_class_check action=maybe_recompile pc=0x0000019bcc710fe8 method=sun.security.provider.DigestBase.implCompressMultiBlock([BII)I @ 11 c2
Event: 7.251 Thread 0x0000019bde12d000 DEOPT PACKING pc=0x0000019bcc710fe8 sp=0x0000009813cfca90
Event: 7.251 Thread 0x0000019bde12d000 DEOPT UNPACKING pc=0x0000019bc498a1af sp=0x0000009813cfc9c8 mode 2
Event: 7.251 Thread 0x0000019bde12d000 Uncommon trap: trap_request=0xffffff6e fr.pc=0x0000019bcc710fe8 relative=0x0000000000000788
Event: 7.251 Thread 0x0000019bde12d000 Uncommon trap: reason=speculate_class_check action=maybe_recompile pc=0x0000019bcc710fe8 method=sun.security.provider.DigestBase.implCompressMultiBlock([BII)I @ 11 c2
Event: 7.251 Thread 0x0000019bde12d000 DEOPT PACKING pc=0x0000019bcc710fe8 sp=0x0000009813cfc9a0
Event: 7.251 Thread 0x0000019bde12d000 DEOPT UNPACKING pc=0x0000019bc498a1af sp=0x0000009813cfc8d8 mode 2
Event: 7.251 Thread 0x0000019bde12d000 Uncommon trap: trap_request=0xffffff6e fr.pc=0x0000019bcc710fe8 relative=0x0000000000000788
Event: 7.251 Thread 0x0000019bde12d000 Uncommon trap: reason=speculate_class_check action=maybe_recompile pc=0x0000019bcc710fe8 method=sun.security.provider.DigestBase.implCompressMultiBlock([BII)I @ 11 c2
Event: 7.251 Thread 0x0000019bde12d000 DEOPT PACKING pc=0x0000019bcc710fe8 sp=0x0000009813cfc8b0
Event: 7.251 Thread 0x0000019bde12d000 DEOPT UNPACKING pc=0x0000019bc498a1af sp=0x0000009813cfc7e8 mode 2
Event: 7.270 Thread 0x0000019bdea1c000 Uncommon trap: trap_request=0xffffff4d fr.pc=0x0000019bcc46dfb8 relative=0x0000000000000558
Event: 7.270 Thread 0x0000019bdea1c000 Uncommon trap: reason=unstable_if action=reinterpret pc=0x0000019bcc46dfb8 method=java.util.jar.Manifest$FastInputStream.readLine([BII)I @ 130 c2
Event: 7.270 Thread 0x0000019bdea1c000 DEOPT PACKING pc=0x0000019bcc46dfb8 sp=0x00000098139f7f30
Event: 7.270 Thread 0x0000019bdea1c000 DEOPT UNPACKING pc=0x0000019bc498a1af sp=0x00000098139f7ec0 mode 2

Classes redefined (0 events):
No events

Internal exceptions (20 events):
Event: 7.221 Thread 0x0000019bdea1c000 Exception <a 'java/lang/ClassNotFoundException'{0x00000000890f93e8}: org/gradle/api/tasks/DeleteBeanInfo> (0x00000000890f93e8) thrown at [./src/hotspot/share/classfile/systemDictionary.cpp, line 231]
Event: 7.222 Thread 0x0000019bdea1c000 Exception <a 'java/lang/ClassNotFoundException'{0x0000000088f28918}: org/gradle/api/internal/ConventionTaskBeanInfo> (0x0000000088f28918) thrown at [./src/hotspot/share/classfile/systemDictionary.cpp, line 231]
Event: 7.222 Thread 0x0000019bdea1c000 Exception <a 'java/lang/ClassNotFoundException'{0x0000000088f53450}: org/gradle/api/DefaultTaskBeanInfo> (0x0000000088f53450) thrown at [./src/hotspot/share/classfile/systemDictionary.cpp, line 231]
Event: 7.223 Thread 0x0000019bdea1c000 Exception <a 'java/lang/ClassNotFoundException'{0x0000000088f826a8}: org/gradle/api/internal/AbstractTaskBeanInfo> (0x0000000088f826a8) thrown at [./src/hotspot/share/classfile/systemDictionary.cpp, line 231]
Event: 7.223 Thread 0x0000019bdea1c000 Exception <a 'java/lang/ClassNotFoundException'{0x0000000088fb19b0}: org/gradle/api/internal/AbstractTaskCustomizer> (0x0000000088fb19b0) thrown at [./src/hotspot/share/classfile/systemDictionary.cpp, line 231]
Event: 7.226 Thread 0x0000019bdea1c000 Exception <a 'java/lang/ClassNotFoundException'{0x0000000088e28358}: org/gradle/api/DefaultTaskCustomizer> (0x0000000088e28358) thrown at [./src/hotspot/share/classfile/systemDictionary.cpp, line 231]
Event: 7.229 Thread 0x0000019bdea1c000 Exception <a 'java/lang/ClassNotFoundException'{0x0000000088eabf78}: org/gradle/api/internal/ConventionTaskCustomizer> (0x0000000088eabf78) thrown at [./src/hotspot/share/classfile/systemDictionary.cpp, line 231]
Event: 7.230 Thread 0x0000019bdea1c000 Exception <a 'java/lang/ClassNotFoundException'{0x0000000088ee6690}: org/gradle/api/tasks/DeleteCustomizer> (0x0000000088ee6690) thrown at [./src/hotspot/share/classfile/systemDictionary.cpp, line 231]
Event: 7.231 Thread 0x0000019bdea1c000 Exception <a 'java/lang/ClassNotFoundException'{0x0000000088d28068}: org/gradle/api/tasks/Delete_DecoratedCustomizer> (0x0000000088d28068) thrown at [./src/hotspot/share/classfile/systemDictionary.cpp, line 231]
Event: 7.245 Thread 0x0000019bdea1c000 Exception <a 'java/lang/NoSuchMethodError'{0x0000000088c3c2e0}: 'long java.lang.invoke.DirectMethodHandle$Holder.invokeVirtual(java.lang.Object, java.lang.Object)'> (0x0000000088c3c2e0) thrown at [./src/hotspot/share/interpreter/linkResolver.cpp, line 773]
Event: 7.248 Thread 0x0000019bde12d000 Exception <a 'java/lang/NoSuchMethodError'{0x000000008fd099e8}: <clinit>> (0x000000008fd099e8) thrown at [./src/hotspot/share/prims/jni.cpp, line 1365]
Event: 7.251 Thread 0x0000019bde12d000 Exception <a 'java/lang/NoSuchMethodError'{0x0000000088c8e318}: <clinit>> (0x0000000088c8e318) thrown at [./src/hotspot/share/prims/jni.cpp, line 1365]
Event: 7.251 Thread 0x0000019bde12d000 Exception <a 'java/lang/NoSuchMethodError'{0x0000000088c8f428}: <clinit>> (0x0000000088c8f428) thrown at [./src/hotspot/share/prims/jni.cpp, line 1365]
Event: 7.251 Thread 0x0000019bde12d000 Exception <a 'java/lang/NoSuchMethodError'{0x0000000088c90730}: <clinit>> (0x0000000088c90730) thrown at [./src/hotspot/share/prims/jni.cpp, line 1365]
Event: 7.251 Thread 0x0000019bde12d000 Exception <a 'java/lang/NoSuchMethodError'{0x0000000088c91750}: <clinit>> (0x0000000088c91750) thrown at [./src/hotspot/share/prims/jni.cpp, line 1365]
Event: 7.253 Thread 0x0000019bde12d000 Exception <a 'java/lang/NoSuchMethodError'{0x0000000088ca3a98}: <clinit>> (0x0000000088ca3a98) thrown at [./src/hotspot/share/prims/jni.cpp, line 1365]
Event: 7.253 Thread 0x0000019bde12d000 Exception <a 'java/lang/NoSuchMethodError'{0x0000000088cade20}: <clinit>> (0x0000000088cade20) thrown at [./src/hotspot/share/prims/jni.cpp, line 1365]
Event: 7.255 Thread 0x0000019bde12d000 Exception <a 'java/lang/NoSuchMethodError'{0x0000000088b0ec60}: <clinit>> (0x0000000088b0ec60) thrown at [./src/hotspot/share/prims/jni.cpp, line 1365]
Event: 7.265 Thread 0x0000019bdea1c000 Exception <a 'java/lang/ClassNotFoundException'{0x0000000088b63b00}: build_4841jtwmyeqnvunvozq3u1j6mBeanInfo> (0x0000000088b63b00) thrown at [./src/hotspot/share/classfile/systemDictionary.cpp, line 231]
Event: 7.265 Thread 0x0000019bdea1c000 Exception <a 'java/lang/ClassNotFoundException'{0x0000000088b6eab8}: build_4841jtwmyeqnvunvozq3u1j6mCustomizer> (0x0000000088b6eab8) thrown at [./src/hotspot/share/classfile/systemDictionary.cpp, line 231]

Events (20 events):
Event: 7.284 loading class kotlin/TuplesKt
Event: 7.284 loading class kotlin/TuplesKt done
Event: 7.284 loading class kotlin/TuplesKt
Event: 7.284 loading class kotlin/TuplesKt done
Event: 7.284 loading class kotlin/Pair
Event: 7.284 loading class kotlin/Pair done
Event: 7.285 loading class kotlin/collections/MapsKt
Event: 7.285 loading class kotlin/collections/MapsKt done
Event: 7.285 loading class kotlin/collections/MapsKt
Event: 7.285 loading class kotlin/collections/MapsKt done
Event: 7.285 loading class kotlin/collections/MapsKt___MapsKt
Event: 7.285 loading class kotlin/collections/MapsKt___MapsKt done
Event: 7.286 loading class kotlin/collections/MapsKt__MapsKt
Event: 7.286 loading class kotlin/collections/MapsKt__MapsKt done
Event: 7.286 loading class kotlin/collections/MapsKt__MapsJVMKt
Event: 7.286 loading class kotlin/collections/MapsKt__MapsJVMKt done
Event: 7.287 loading class kotlin/collections/MapsKt__MapWithDefaultKt
Event: 7.287 loading class kotlin/collections/MapsKt__MapWithDefaultKt done
Event: 7.288 loading class groovy/runtime/metaclass/org/gradle/api/internal/plugins/DefaultObjectConfigurationActionMetaClass
Event: 7.288 loading class groovy/runtime/metaclass/org/gradle/api/internal/plugins/DefaultObjectConfigurationActionMetaClass done


Dynamic libraries:
0x00007ff6752c0000 - 0x00007ff6752ca000 	C:\Program Files\Android\Android Studio\jre\bin\java.exe
0x00007ffffe1e0000 - 0x00007ffffe3d0000 	C:\windows\SYSTEM32\ntdll.dll
0x00007ffffd820000 - 0x00007ffffd8d2000 	C:\windows\System32\KERNEL32.DLL
0x00007ffffb650000 - 0x00007ffffb8f5000 	C:\windows\System32\KERNELBASE.dll
0x00007ffffb930000 - 0x00007ffffba2a000 	C:\windows\System32\ucrtbase.dll
0x00007ffff5a70000 - 0x00007ffff5a87000 	C:\Program Files\Android\Android Studio\jre\bin\VCRUNTIME140.dll
0x00007ffff3c60000 - 0x00007ffff3c79000 	C:\Program Files\Android\Android Studio\jre\bin\jli.dll
0x00007ffffe000000 - 0x00007ffffe194000 	C:\windows\System32\USER32.dll
0x00007ffffb500000 - 0x00007ffffb521000 	C:\windows\System32\win32u.dll
0x00007ffffdfd0000 - 0x00007ffffdff6000 	C:\windows\System32\GDI32.dll
0x00007ffffb360000 - 0x00007ffffb4f6000 	C:\windows\System32\gdi32full.dll
0x00007ffffb170000 - 0x00007ffffb20e000 	C:\windows\System32\msvcp_win.dll
0x00007fffe6f10000 - 0x00007fffe7194000 	C:\windows\WinSxS\amd64_microsoft.windows.common-controls_6595b64144ccf1df_6.0.18362.1139_none_9e7bf2d3e4605ac6\COMCTL32.dll
0x00007ffffc410000 - 0x00007ffffc4ae000 	C:\windows\System32\msvcrt.dll
0x00007ffffd4e0000 - 0x00007ffffd815000 	C:\windows\System32\combase.dll
0x00007ffffc2f0000 - 0x00007ffffc410000 	C:\windows\System32\RPCRT4.dll
0x00007ffffba30000 - 0x00007ffffbab0000 	C:\windows\System32\bcryptPrimitives.dll
0x00007ffffc4b0000 - 0x00007ffffc4de000 	C:\windows\System32\IMM32.DLL
0x00007ffff9cc0000 - 0x00007ffff9d1e000 	C:\windows\SYSTEM32\oleLoader.dll
0x00007fffd3d20000 - 0x00007fffd3dbd000 	C:\Program Files\Android\Android Studio\jre\bin\msvcp140.dll
0x00007fff9f330000 - 0x00007fff9fe15000 	C:\Program Files\Android\Android Studio\jre\bin\server\jvm.dll
0x00007ffffd280000 - 0x00007ffffd323000 	C:\windows\System32\ADVAPI32.dll
0x00007ffffc6a0000 - 0x00007ffffc737000 	C:\windows\System32\sechost.dll
0x00007ffffd350000 - 0x00007ffffd358000 	C:\windows\System32\PSAPI.DLL
0x00007ffff2e80000 - 0x00007ffff2e8a000 	C:\windows\SYSTEM32\VERSION.dll
0x00007ffff5d10000 - 0x00007ffff5d34000 	C:\windows\SYSTEM32\WINMM.dll
0x00007fffcb3a0000 - 0x00007fffcb3a9000 	C:\windows\SYSTEM32\WSOCK32.dll
0x00007ffffc7b0000 - 0x00007ffffc81f000 	C:\windows\System32\WS2_32.dll
0x00007ffff58d0000 - 0x00007ffff58fd000 	C:\windows\SYSTEM32\winmmbase.dll
0x00007ffffb550000 - 0x00007ffffb59a000 	C:\windows\System32\cfgmgr32.dll
0x00007ffffb150000 - 0x00007ffffb161000 	C:\windows\System32\kernel.appcore.dll
0x00007ffff3c20000 - 0x00007ffff3c31000 	C:\Program Files\Android\Android Studio\jre\bin\verify.dll
0x00007ffff8d70000 - 0x00007ffff8f64000 	C:\windows\SYSTEM32\DBGHELP.DLL
0x00007fffdf030000 - 0x00007fffdf05a000 	C:\windows\SYSTEM32\dbgcore.DLL
0x00007fffe6580000 - 0x00007fffe65a9000 	C:\Program Files\Android\Android Studio\jre\bin\java.dll
0x00007ffff5270000 - 0x00007ffff527b000 	C:\Program Files\Android\Android Studio\jre\bin\jimage.dll
0x00007fffe6790000 - 0x00007fffe67a8000 	C:\Program Files\Android\Android Studio\jre\bin\zip.dll
0x00007ffffd8e0000 - 0x00007ffffdfc7000 	C:\windows\System32\SHELL32.dll
0x00007ffffcd00000 - 0x00007ffffcda9000 	C:\windows\System32\shcore.dll
0x00007ffffbab0000 - 0x00007ffffc230000 	C:\windows\System32\windows.storage.dll
0x00007ffffb120000 - 0x00007ffffb143000 	C:\windows\System32\profapi.dll
0x00007ffffb0d0000 - 0x00007ffffb11a000 	C:\windows\System32\powrprof.dll
0x00007ffffb0a0000 - 0x00007ffffb0b0000 	C:\windows\System32\UMPDC.dll
0x00007ffffc740000 - 0x00007ffffc792000 	C:\windows\System32\shlwapi.dll
0x00007ffffb530000 - 0x00007ffffb547000 	C:\windows\System32\cryptsp.dll
0x00007fffe6740000 - 0x00007fffe675a000 	C:\Program Files\Android\Android Studio\jre\bin\net.dll
0x00007ffff7a50000 - 0x00007ffff7b40000 	C:\windows\SYSTEM32\WINHTTP.dll
0x00007ffffa8f0000 - 0x00007ffffa957000 	C:\windows\system32\mswsock.dll
0x00007fffe5030000 - 0x00007fffe5044000 	C:\Program Files\Android\Android Studio\jre\bin\nio.dll
0x00007fffc4c30000 - 0x00007fffc4d44000 	C:\UEBA\plugin\Com.Isearch.Func.Java\UEBAMonitorJava_x64.dll
0x00007fffee510000 - 0x00007fffee537000 	C:\Users\a84203565\.gradle\native\e1d6ef7f7dcc3fd88c89a11ec53ec762bb8ba0a96d01ffa2cd45eb1d1d8dd5c5\windows-amd64\native-platform.dll
0x00007fffa4b50000 - 0x00007fffa4c94000 	C:\Users\a84203565\.gradle\native\5664cfc778a61ccfe75a443a1ab52a65af34e5dc3c78e0209fed803814484fcb\windows-amd64\native-platform-file-events.dll
0x00007ffff3b90000 - 0x00007ffff3b9a000 	C:\Program Files\Android\Android Studio\jre\bin\management.dll
0x00007fffe71e0000 - 0x00007fffe71ed000 	C:\Program Files\Android\Android Studio\jre\bin\management_ext.dll
0x00007ffffa460000 - 0x00007ffffa493000 	C:\windows\system32\rsaenh.dll
0x00007ffffb900000 - 0x00007ffffb926000 	C:\windows\System32\bcrypt.dll
0x00007ffffafc0000 - 0x00007ffffafe5000 	C:\windows\SYSTEM32\USERENV.dll
0x00007ffffaac0000 - 0x00007ffffaacc000 	C:\windows\SYSTEM32\CRYPTBASE.dll
0x00007ffffa600000 - 0x00007ffffa63a000 	C:\windows\SYSTEM32\IPHLPAPI.DLL
0x00007ffffc7a0000 - 0x00007ffffc7a8000 	C:\windows\System32\NSI.dll
0x00007ffff78d0000 - 0x00007ffff78e6000 	C:\windows\SYSTEM32\dhcpcsvc6.DLL
0x00007ffff7730000 - 0x00007ffff774c000 	C:\windows\SYSTEM32\dhcpcsvc.DLL
0x00007ffffa650000 - 0x00007ffffa71b000 	C:\windows\SYSTEM32\DNSAPI.dll

dbghelp: loaded successfully - version: 4.0.5 - missing functions: none
symbol engine: initialized successfully - sym options: 0x614 - pdb path: .;C:\Program Files\Android\Android Studio\jre\bin;C:\windows\SYSTEM32;C:\windows\WinSxS\amd64_microsoft.windows.common-controls_6595b64144ccf1df_6.0.18362.1139_none_9e7bf2d3e4605ac6;C:\Program Files\Android\Android Studio\jre\bin\server;C:\UEBA\plugin\Com.Isearch.Func.Java;C:\Users\a84203565\.gradle\native\e1d6ef7f7dcc3fd88c89a11ec53ec762bb8ba0a96d01ffa2cd45eb1d1d8dd5c5\windows-amd64;C:\Users\a84203565\.gradle\native\5664cfc778a61ccfe75a443a1ab52a65af34e5dc3c78e0209fed803814484fcb\windows-amd64

VM Arguments:
jvm_args: --add-opens=java.base/java.util=ALL-UNNAMED --add-opens=java.base/java.lang=ALL-UNNAMED --add-opens=java.base/java.lang.invoke=ALL-UNNAMED --add-opens=java.base/java.util=ALL-UNNAMED --add-opens=java.prefs/java.util.prefs=ALL-UNNAMED --add-opens=java.prefs/java.util.prefs=ALL-UNNAMED --add-opens=java.base/java.nio.charset=ALL-UNNAMED --add-opens=java.base/java.net=ALL-UNNAMED --add-opens=java.base/java.util.concurrent.atomic=ALL-UNNAMED -Xmx2048m -Dfile.encoding=UTF-8 -Duser.country=US -Duser.language=en -Duser.variant 
java_command: org.gradle.launcher.daemon.bootstrap.GradleDaemon 7.3.3
java_class_path (initial): C:\Users\a84203565\.gradle\wrapper\dists\gradle-7.3.3-bin\6a41zxkdtcxs8rphpq6y0069z\gradle-7.3.3\lib\gradle-launcher-7.3.3.jar
Launcher Type: SUN_STANDARD

[Global flags]
     intx CICompilerCount                          = 4                                         {product} {ergonomic}
     uint ConcGCThreads                            = 2                                         {product} {ergonomic}
     uint G1ConcRefinementThreads                  = 8                                         {product} {ergonomic}
   size_t G1HeapRegionSize                         = 1048576                                   {product} {ergonomic}
    uintx GCDrainStackTargetSize                   = 64                                        {product} {ergonomic}
   size_t InitialHeapSize                          = 266338304                                 {product} {ergonomic}
   size_t MarkStackSize                            = 4194304                                   {product} {ergonomic}
   size_t MaxHeapSize                              = 2147483648                                {product} {command line}
   size_t MaxNewSize                               = 1287651328                                {product} {ergonomic}
   size_t MinHeapDeltaBytes                        = 1048576                                   {product} {ergonomic}
    uintx NonNMethodCodeHeapSize                   = 5836300                                {pd product} {ergonomic}
    uintx NonProfiledCodeHeapSize                  = 122910970                              {pd product} {ergonomic}
    uintx ProfiledCodeHeapSize                     = 122910970                              {pd product} {ergonomic}
    uintx ReservedCodeCacheSize                    = 251658240                              {pd product} {ergonomic}
     bool SegmentedCodeCache                       = true                                      {product} {ergonomic}
     bool UseCompressedClassPointers               = true                                 {lp64_product} {ergonomic}
     bool UseCompressedOops                        = true                                 {lp64_product} {ergonomic}
     bool UseG1GC                                  = true                                      {product} {ergonomic}
     bool UseLargePagesIndividualAllocation        = false                                  {pd product} {ergonomic}

Logging:
Log output configuration:
 #0: stdout all=warning uptime,level,tags
 #1: stderr all=off uptime,level,tags

Environment Variables:
PATH=C:\Python39\Scripts\;C:\Python39\;C:\windows;C:\windows\system32;C:\windows\System32\Wbem;C:\windows\System32\WindowsPowerShell\v1.0;C:\Windows;C:\Windows\system32;C:\Windows\System32\Wbem;C:\Windows\System32\WindowsPowerShell\v1.0;C:\windows\System32\WindowsPowerShell\v1.0\;C:\windows\System32\OpenSSH\;C:\Program Files\Git\cmd;C:\Users\a00559778\AppData\Local\Android\Sdk\platform-tools;C:\ProgramData\chocolatey\bin;C:\Users\a84203565\Desktop\android-ndk-r23b;C:\Program Files\GitHub CLI\;C:\Users\a84203565\AppData\Local\Microsoft\WindowsApps;C:\Program Files\Huawei\DevEco Studio 3.0.1.822\bin;;C:\Users\a84203565\Desktop\android-ndk-r23b;;C:\Users\a84203565\AppData\Local\Programs\Hyper\resources\bin
USERNAME=a84203565
OS=Windows_NT
PROCESSOR_IDENTIFIER=Intel64 Family 6 Model 142 Stepping 12, GenuineIntel



---------------  S Y S T E M  ---------------

OS: Windows 10 , 64 bit Build 18362 (10.0.18362.1110)
OS uptime: 2 days 3:49 hours

CPU:total 8 (initial active 8) (4 cores per cpu, 2 threads per core) family 6 model 142 stepping 12 microcode 0xb8, cmov, cx8, fxsr, mmx, sse, sse2, sse3, ssse3, sse4.1, sse4.2, popcnt, avx, avx2, aes, clmul, erms, 3dnowpref, lzcnt, ht, tsc, tscinvbit, bmi1, bmi2, adx, fma

Memory: 4k page, system-wide physical 16156M (2655M free)
TotalPageFile size 16156M (AvailPageFile size 0M)
current process WorkingSet (physical memory assigned to process): 363M, peak: 363M
current process commit charge ("private bytes"): 499M, peak: 499M

vm_info: OpenJDK 64-Bit Server VM (11.0.12+7-b1504.28-7817840) for windows-amd64 JRE (11.0.12+7-b1504.28-7817840), built on Oct 13 2021 22:12:33 by "builder" with MS VC++ 14.0 (VS2015)

END.
