#
# There is insufficient memory for the Java Runtime Environment to continue.
# Native memory allocation (mmap) failed to map 266338304 bytes for Failed to commit area from 0x0000000703800000 to 0x0000000713600000 of length 266338304.
# Possible reasons:
#   The system is out of physical RAM or swap space
#   The process is running with CompressedOops enabled, and the Java Heap may be blocking the growth of the native heap
# Possible solutions:
#   Reduce memory load on the system
#   Increase physical memory or swap space
#   Check if swap backing store is full
#   Decrease Java heap size (-Xmx/-Xms)
#   Decrease number of Java threads
#   Decrease Java thread stack sizes (-Xss)
#   Set larger code cache with -XX:ReservedCodeCacheSize=
# This output file may be truncated or incomplete.
#
#  Out of Memory Error (./src/hotspot/os/windows/os_windows.cpp:3521), pid=51544, tid=21352
#
# JRE version:  (11.0.12+7) (build )
# Java VM: OpenJDK 64-Bit Server VM (11.0.12+7-b1504.28-7817840, mixed mode, sharing, tiered, compressed oops, g1 gc, windows-amd64)
# No core dump will be written. Minidumps are not enabled by default on client versions of Windows
#

---------------  S U M M A R Y ------------

Command Line: org.jetbrains.kotlin.cli.jvm.K2JVMCompiler @C:\Users\a84203565\AndroidStudioProjects\SeparateAudioCodelab\app\build\20220705_13260497985231149470.compiler.options

Host: Intel(R) Core(TM) i7-8565U CPU @ 1.80GHz, 8 cores, 15G,  Windows 10 , 64 bit Build 18362 (10.0.18362.1110)
Time: Tue Jul  5 18:53:18 2022 Turkey Standard Time elapsed time: 0.025098 seconds (0d 0h 0m 0s)

---------------  T H R E A D  ---------------

Current thread (0x0000022f438f8800):  JavaThread "Unknown thread" [_thread_in_vm, id=21352, stack(0x0000003a9a200000,0x0000003a9a300000)]

Stack: [0x0000003a9a200000,0x0000003a9a300000]
Native frames: (J=compiled Java code, j=interpreted, Vv=VM code, C=native code)
V  [jvm.dll+0x5fbcea]
V  [jvm.dll+0x731905]
V  [jvm.dll+0x732f1d]
V  [jvm.dll+0x7335d3]
V  [jvm.dll+0x247bf8]
V  [jvm.dll+0x5f90b4]
V  [jvm.dll+0x5edc85]
V  [jvm.dll+0x305aeb]
V  [jvm.dll+0x305a5a]
V  [jvm.dll+0x305932]
V  [jvm.dll+0x30a896]
V  [jvm.dll+0x353803]
V  [jvm.dll+0x353f06]
V  [jvm.dll+0x353903]
V  [jvm.dll+0x2e0678]
V  [jvm.dll+0x2e1827]
V  [jvm.dll+0x710037]
V  [jvm.dll+0x71182c]
V  [jvm.dll+0x360da9]
V  [jvm.dll+0x6f390e]
V  [jvm.dll+0x3c9723]
V  [jvm.dll+0x3cb9b1]
C  [jli.dll+0x536b]
C  [ucrtbase.dll+0x210b2]
C  [KERNEL32.DLL+0x17c24]
C  [ntdll.dll+0x6cea1]


---------------  P R O C E S S  ---------------

Threads class SMR info:
_java_thread_list=0x0000022f43798000, length=0, elements={
}

Java Threads: ( => current thread )

Other Threads:
  0x0000022f4390f800 GCTaskThread "GC Thread#0" [stack: 0x0000003a9a300000,0x0000003a9a400000] [id=49752]
  0x0000022f4396e000 ConcurrentGCThread "G1 Main Marker" [stack: 0x0000003a9a400000,0x0000003a9a500000] [id=51504]
  0x0000022f4396f800 ConcurrentGCThread "G1 Conc#0" [stack: 0x0000003a9a500000,0x0000003a9a600000] [id=39756]

[error occurred during error reporting (printing all threads), id 0xc0000005, EXCEPTION_ACCESS_VIOLATION (0xc0000005) at pc=0x00007fff9f620be7]

VM state:not at safepoint (not fully initialized)

VM Mutex/Monitor currently owned by a thread:  ([mutex/lock_event])
[0x0000022f438f3f00] Heap_lock - owner thread: 0x0000022f438f8800

Heap address: 0x0000000703800000, size: 4040 MB, Compressed Oops mode: Non-zero based: 0x0000000703800000
Narrow klass base: 0x0000000000000000, Narrow klass shift: 0

GC Heap History (0 events):
No events

Deoptimization events (0 events):
No events

Classes redefined (0 events):
No events

Internal exceptions (0 events):
No events

Events (1 events):
Event: 0.017 Loaded shared library C:\Program Files\Android\Android Studio\jre\bin\zip.dll


Dynamic libraries:
0x00007ff6752c0000 - 0x00007ff6752ca000 	C:\Program Files\Android\Android Studio\jre\bin\java.exe
0x00007ffffe1e0000 - 0x00007ffffe3d0000 	C:\windows\SYSTEM32\ntdll.dll
0x00007ffffd820000 - 0x00007ffffd8d2000 	C:\windows\System32\KERNEL32.DLL
0x00007ffffb650000 - 0x00007ffffb8f5000 	C:\windows\System32\KERNELBASE.dll
0x00007ffffb930000 - 0x00007ffffba2a000 	C:\windows\System32\ucrtbase.dll
0x00007ffff5a70000 - 0x00007ffff5a89000 	C:\Program Files\Android\Android Studio\jre\bin\jli.dll
0x00007ffff5a10000 - 0x00007ffff5a27000 	C:\Program Files\Android\Android Studio\jre\bin\VCRUNTIME140.dll
0x00007ffffe000000 - 0x00007ffffe194000 	C:\windows\System32\USER32.dll
0x00007ffffb500000 - 0x00007ffffb521000 	C:\windows\System32\win32u.dll
0x00007ffffdfd0000 - 0x00007ffffdff6000 	C:\windows\System32\GDI32.dll
0x00007ffffb360000 - 0x00007ffffb4f6000 	C:\windows\System32\gdi32full.dll
0x00007fffe6f10000 - 0x00007fffe7194000 	C:\windows\WinSxS\amd64_microsoft.windows.common-controls_6595b64144ccf1df_6.0.18362.1139_none_9e7bf2d3e4605ac6\COMCTL32.dll
0x00007ffffb170000 - 0x00007ffffb20e000 	C:\windows\System32\msvcp_win.dll
0x00007ffffc410000 - 0x00007ffffc4ae000 	C:\windows\System32\msvcrt.dll
0x00007ffffd4e0000 - 0x00007ffffd815000 	C:\windows\System32\combase.dll
0x00007ffffc2f0000 - 0x00007ffffc410000 	C:\windows\System32\RPCRT4.dll
0x00007ffffba30000 - 0x00007ffffbab0000 	C:\windows\System32\bcryptPrimitives.dll
0x00007ffffc4b0000 - 0x00007ffffc4de000 	C:\windows\System32\IMM32.DLL
0x00007ffff9cc0000 - 0x00007ffff9d1e000 	C:\windows\SYSTEM32\oleLoader.dll
0x00007fffe67c0000 - 0x00007fffe685d000 	C:\Program Files\Android\Android Studio\jre\bin\msvcp140.dll
0x00007fff9f330000 - 0x00007fff9fe15000 	C:\Program Files\Android\Android Studio\jre\bin\server\jvm.dll
0x00007ffffd280000 - 0x00007ffffd323000 	C:\windows\System32\ADVAPI32.dll
0x00007ffffc6a0000 - 0x00007ffffc737000 	C:\windows\System32\sechost.dll
0x00007ffffd350000 - 0x00007ffffd358000 	C:\windows\System32\PSAPI.DLL
0x00007fffcb3a0000 - 0x00007fffcb3a9000 	C:\windows\SYSTEM32\WSOCK32.dll
0x00007ffffc7b0000 - 0x00007ffffc81f000 	C:\windows\System32\WS2_32.dll
0x00007ffff5d10000 - 0x00007ffff5d34000 	C:\windows\SYSTEM32\WINMM.dll
0x00007ffff2e80000 - 0x00007ffff2e8a000 	C:\windows\SYSTEM32\VERSION.dll
0x00007ffff58d0000 - 0x00007ffff58fd000 	C:\windows\SYSTEM32\winmmbase.dll
0x00007ffffb550000 - 0x00007ffffb59a000 	C:\windows\System32\cfgmgr32.dll
0x00007ffffb150000 - 0x00007ffffb161000 	C:\windows\System32\kernel.appcore.dll
0x00007ffff3c20000 - 0x00007ffff3c31000 	C:\Program Files\Android\Android Studio\jre\bin\verify.dll
0x00007ffff8d70000 - 0x00007ffff8f64000 	C:\windows\SYSTEM32\DBGHELP.DLL
0x00007fffdf030000 - 0x00007fffdf05a000 	C:\windows\SYSTEM32\dbgcore.DLL
0x00007fffe6580000 - 0x00007fffe65a9000 	C:\Program Files\Android\Android Studio\jre\bin\java.dll
0x00007ffff5270000 - 0x00007ffff527b000 	C:\Program Files\Android\Android Studio\jre\bin\jimage.dll
0x00007fffe6790000 - 0x00007fffe67a8000 	C:\Program Files\Android\Android Studio\jre\bin\zip.dll

dbghelp: loaded successfully - version: 4.0.5 - missing functions: none
symbol engine: initialized successfully - sym options: 0x614 - pdb path: .;C:\Program Files\Android\Android Studio\jre\bin;C:\windows\SYSTEM32;C:\windows\WinSxS\amd64_microsoft.windows.common-controls_6595b64144ccf1df_6.0.18362.1139_none_9e7bf2d3e4605ac6;C:\Program Files\Android\Android Studio\jre\bin\server

VM Arguments:
java_command: org.jetbrains.kotlin.cli.jvm.K2JVMCompiler @C:\Users\a84203565\AndroidStudioProjects\SeparateAudioCodelab\app\build\20220705_13260497985231149470.compiler.options
java_class_path (initial): C:\Users\a84203565\.gradle\caches\modules-2\files-2.1\org.jetbrains.kotlin\kotlin-compiler-embeddable\1.7.0\4d09852239f61842072b40b524882fa3caaed371\kotlin-compiler-embeddable-1.7.0.jar;C:\Users\a84203565\.gradle\caches\modules-2\files-2.1\org.jetbrains.kotlin\kotlin-reflect\1.7.0\e660b0079fdaf744dc9cc7f6f3aa3c761ec839b0\kotlin-reflect-1.7.0.jar;C:\Users\a84203565\.gradle\caches\modules-2\files-2.1\org.jetbrains.kotlin\kotlin-stdlib\1.7.0\a5f42c684ad9003160ef0d0f693ecf0ba7b13549\kotlin-stdlib-1.7.0.jar;C:\Users\a84203565\.gradle\caches\modules-2\files-2.1\org.jetbrains.kotlin\kotlin-script-runtime\1.7.0\3acea1d447587e61bc3e1b3ed6227d9e9ed4ddf1\kotlin-script-runtime-1.7.0.jar;C:\Users\a84203565\.gradle\caches\modules-2\files-2.1\org.jetbrains.kotlin\kotlin-daemon-embeddable\1.7.0\fd56798de80825c673ac93808284c5198ffa2b50\kotlin-daemon-embeddable-1.7.0.jar;C:\Users\a84203565\.gradle\caches\modules-2\files-2.1\org.jetbrains.intellij.deps\trove4j\1.0.20200330\3afb14d5f9ceb459d724e907a21145e8ff394f02\trove4j-1.0.20200330.jar;C:\Users\a84203565\.gradle\caches\modules-2\files-2.1\net.java.dev.jna\jna\5.6.0\330f2244e9030119ab3030fc3fededc86713d9cc\jna-5.6.0.jar;C:\Users\a84203565\.gradle\caches\modules-2\files-2.1\org.jetbrains.kotlin\kotlin-stdlib-common\1.7.0\51736992f422993a1e741051bdf3c12801bc1ca1\kotlin-stdlib-common-1.7.0.jar;C:\Users\a84203565\.gradle\caches\modules-2\files-2.1\org.jetbrains\annotations\13.0\919f0dfe192fb4e063e7dacadee7f8bb9a2672a9\annotations-13.0.jar
Launcher Type: SUN_STANDARD

[Global flags]
     intx CICompilerCount                          = 4                                         {product} {ergonomic}
     uint ConcGCThreads                            = 2                                         {product} {ergonomic}
     uint G1ConcRefinementThreads                  = 8                                         {product} {ergonomic}
   size_t G1HeapRegionSize                         = 1048576                                   {product} {ergonomic}
    uintx GCDrainStackTargetSize                   = 64                                        {product} {ergonomic}
   size_t InitialHeapSize                          = 266338304                                 {product} {ergonomic}
   size_t MarkStackSize                            = 4194304                                   {product} {ergonomic}
   size_t MaxHeapSize                              = 4236247040                                {product} {ergonomic}
   size_t MinHeapDeltaBytes                        = 1048576                                   {product} {ergonomic}
    uintx NonNMethodCodeHeapSize                   = 5836300                                {pd product} {ergonomic}
    uintx NonProfiledCodeHeapSize                  = 122910970                              {pd product} {ergonomic}
    uintx ProfiledCodeHeapSize                     = 122910970                              {pd product} {ergonomic}
    uintx ReservedCodeCacheSize                    = 251658240                              {pd product} {ergonomic}
     bool SegmentedCodeCache                       = true                                      {product} {ergonomic}
     bool UseCompressedClassPointers               = true                                 {lp64_product} {ergonomic}
     bool UseCompressedOops                        = true                                 {lp64_product} {ergonomic}
     bool UseG1GC                                  = true                                      {product} {ergonomic}
     bool UseLargePagesIndividualAllocation        = false                                  {pd product} {ergonomic}

Logging:
Log output configuration:
 #0: stdout all=warning uptime,level,tags
 #1: stderr all=off uptime,level,tags

Environment Variables:
PATH=C:\Python39\Scripts\;C:\Python39\;C:\windows;C:\windows\system32;C:\windows\System32\Wbem;C:\windows\System32\WindowsPowerShell\v1.0;C:\Windows;C:\Windows\system32;C:\Windows\System32\Wbem;C:\Windows\System32\WindowsPowerShell\v1.0;C:\windows\System32\WindowsPowerShell\v1.0\;C:\windows\System32\OpenSSH\;C:\Program Files\Git\cmd;C:\Users\a00559778\AppData\Local\Android\Sdk\platform-tools;C:\ProgramData\chocolatey\bin;C:\Users\a84203565\Desktop\android-ndk-r23b;C:\Program Files\GitHub CLI\;C:\Users\a84203565\AppData\Local\Microsoft\WindowsApps;C:\Program Files\Huawei\DevEco Studio 3.0.1.822\bin;;C:\Users\a84203565\Desktop\android-ndk-r23b;;C:\Users\a84203565\AppData\Local\Programs\Hyper\resources\bin
USERNAME=a84203565
OS=Windows_NT
PROCESSOR_IDENTIFIER=Intel64 Family 6 Model 142 Stepping 12, GenuineIntel



---------------  S Y S T E M  ---------------

OS: Windows 10 , 64 bit Build 18362 (10.0.18362.1110)
OS uptime: 2 days 3:49 hours

CPU:total 8 (initial active 8) (4 cores per cpu, 2 threads per core) family 6 model 142 stepping 12 microcode 0xb8, cmov, cx8, fxsr, mmx, sse, sse2, sse3, ssse3, sse4.1, sse4.2, popcnt, avx, avx2, aes, clmul, erms, 3dnowpref, lzcnt, ht, tsc, tscinvbit, bmi1, bmi2, adx, fma

Memory: 4k page, system-wide physical 16156M (2616M free)
TotalPageFile size 16156M (AvailPageFile size 23M)
current process WorkingSet (physical memory assigned to process): 10M, peak: 10M
current process commit charge ("private bytes"): 60M, peak: 314M

vm_info: OpenJDK 64-Bit Server VM (11.0.12+7-b1504.28-7817840) for windows-amd64 JRE (11.0.12+7-b1504.28-7817840), built on Oct 13 2021 22:12:33 by "builder" with MS VC++ 14.0 (VS2015)

END.
